NNx, NNy= 0, 0
Nx,  Ny = 60, 60
%% UTOFU interface for one sided communcation  (RDMA) is used.
sizeof(rdma_comlib_data) = 232, sizeof(int*) = 8
RDMA_NO_REMOTE_MRQ_POLLING is defined.
rankmap_lib_set_rankmap2d_size: given proc_size may be ignored.
tofu size: [A,B,C,X,Y,Z]=[2,3,2,2,2,1]
----- node coordinates -----
map for x:  TA  =   0  1  1  0  0  1  1  0  0  1  1  0  0  1  1  0  0  1  1  0  0  1  1  0
            TB  =   0  0  1  1  2  2  2  2  0  0  1  1  1  1  0  0  2  2  2  2  1  1  0  0
            TX  =   0  0  0  0  0  0  1  1  1  1  1  1  1  1  1  1  1  1  0  0  0  0  0  0
            TY  =   0  0  0  0  0  0  0  0  0  0  0  0  1  1  1  1  1  1  1  1  1  1  1  1
map for y:  TC  =   0  1
            TZ  =   0  0
inner node size: 2 2
----------------------------
using TNI_PATTERN 1 (default)
tni_list = 1 4 3 5: dim=2 flag=2
  rankmap_lib_set_rankmap2d: tni_list = 1 4 3 5: mapid=2
rdma_utofu_comlib: 2d rankmap, size = 48 x 4
Px, Py = 48, 4; NNx, NNy = 2880, 240
before set_field: Px, Py = 48, 4; NNx, NNy = 2880, 240
       np = 192, tofu_vol * 4 = 192
       dir: min  max  size origin
        0:   0    1    2    0
        1:  19   20    2   19
        2:  21   21    1   21
        3:   0    1    2    0
        4:   0    2    3    0
        5:   0    1    2    0
rankmap for eval2 (v2)
  coords_org: 0 19 21 0 0 0
  coords_size: 2 2 1 2 3 2
  coords_min: 0 19 21 0 0 0
  coords_max: 1 20 21 1 2 1
tofu size: [A,B,C,X,Y,Z]=[2,3,2,2,2,1]
  rankmap: rank=0 [0 19 21 0 0 0], dir=0: positive_ncoords = 0 19 21 0 0 0 (rank 1), nagative_ncoords = 0 20 21 0 0 0 (rank 17)
  rankmap: rank=0 [0 19 21 0 0 0], dir=1: positive_ncoords = 0 19 21 0 0 0 (rank 2), nagative_ncoords = 0 19 21 0 0 1 (rank 98)
set_field: n2 before normalizing=2.303859e+05
after set_field: Px, Py = 48, 4; NNx, NNy = 2880, 240
factor for extra buffer: 1
initializing mult_utofu_double_buf: Px, Py = 48, 4; NNx, NNy = 2880, 240
size_x size_y: 60  60
 dir=0, tni_id=1
 dir=1, tni_id=4
 dir=2, tni_id=3
 dir=3, tni_id=5
init: 0.110770 [msec]
---------------------------------------------
   solving with utofu double buffer
---------------------------------------------
Nx=60, Ny=60, n_iter=1000
rankmap_lib: calling get_tni_list for dim=2, flag=2
iteration=0, norm2(solution): 0.0594884
iteration=10, norm2(solution): 4.31518
iteration=20, norm2(solution): 12.3919
iteration=30, norm2(solution): 21.6013
iteration=40, norm2(solution): 30.5652
iteration=50, norm2(solution): 38.6477
iteration=60, norm2(solution): 45.6206
iteration=70, norm2(solution): 51.4699
iteration=80, norm2(solution): 56.2847
iteration=90, norm2(solution): 60.1956
iteration=100, norm2(solution): 63.3422
iteration=110, norm2(solution): 65.8561
iteration=120, norm2(solution): 67.8538
iteration=130, norm2(solution): 69.4353
iteration=140, norm2(solution): 70.6833
iteration=150, norm2(solution): 71.666
iteration=160, norm2(solution): 72.4384
iteration=170, norm2(solution): 73.0446
iteration=180, norm2(solution): 73.5199
iteration=190, norm2(solution): 73.8924
iteration=200, norm2(solution): 74.1839
iteration=210, norm2(solution): 74.4121
iteration=220, norm2(solution): 74.5906
iteration=230, norm2(solution): 74.7302
iteration=240, norm2(solution): 74.8393
iteration=250, norm2(solution): 74.9246
iteration=260, norm2(solution): 74.9913
iteration=270, norm2(solution): 75.0434
iteration=280, norm2(solution): 75.0841
iteration=290, norm2(solution): 75.1159
iteration=300, norm2(solution): 75.1408
iteration=310, norm2(solution): 75.1602
iteration=320, norm2(solution): 75.1754
iteration=330, norm2(solution): 75.1872
iteration=340, norm2(solution): 75.1965
iteration=350, norm2(solution): 75.2037
iteration=360, norm2(solution): 75.2094
iteration=370, norm2(solution): 75.2138
iteration=380, norm2(solution): 75.2173
iteration=390, norm2(solution): 75.22
iteration=400, norm2(solution): 75.2221
iteration=410, norm2(solution): 75.2237
iteration=420, norm2(solution): 75.225
iteration=430, norm2(solution): 75.226
iteration=440, norm2(solution): 75.2268
iteration=450, norm2(solution): 75.2274
iteration=460, norm2(solution): 75.2279
iteration=470, norm2(solution): 75.2282
iteration=480, norm2(solution): 75.2285
iteration=490, norm2(solution): 75.2288
iteration=500, norm2(solution): 75.2289
iteration=510, norm2(solution): 75.2291
iteration=520, norm2(solution): 75.2292
iteration=530, norm2(solution): 75.2293
iteration=540, norm2(solution): 75.2293
iteration=550, norm2(solution): 75.2294
iteration=560, norm2(solution): 75.2294
iteration=570, norm2(solution): 75.2295
iteration=580, norm2(solution): 75.2295
iteration=590, norm2(solution): 75.2295
iteration=600, norm2(solution): 75.2295
iteration=610, norm2(solution): 75.2295
iteration=620, norm2(solution): 75.2295
iteration=630, norm2(solution): 75.2296
iteration=640, norm2(solution): 75.2296
iteration=650, norm2(solution): 75.2296
iteration=660, norm2(solution): 75.2296
iteration=670, norm2(solution): 75.2296
iteration=680, norm2(solution): 75.2296
iteration=690, norm2(solution): 75.2296
iteration=700, norm2(solution): 75.2296
iteration=710, norm2(solution): 75.2296
iteration=720, norm2(solution): 75.2296
iteration=730, norm2(solution): 75.2296
iteration=740, norm2(solution): 75.2296
iteration=750, norm2(solution): 75.2296
iteration=760, norm2(solution): 75.2296
iteration=770, norm2(solution): 75.2296
iteration=780, norm2(solution): 75.2296
iteration=790, norm2(solution): 75.2296
iteration=800, norm2(solution): 75.2296
iteration=810, norm2(solution): 75.2296
iteration=820, norm2(solution): 75.2296
iteration=830, norm2(solution): 75.2296
iteration=840, norm2(solution): 75.2296
iteration=850, norm2(solution): 75.2296
iteration=860, norm2(solution): 75.2296
iteration=870, norm2(solution): 75.2296
iteration=880, norm2(solution): 75.2296
iteration=890, norm2(solution): 75.2296
iteration=900, norm2(solution): 75.2296
iteration=910, norm2(solution): 75.2296
iteration=920, norm2(solution): 75.2296
iteration=930, norm2(solution): 75.2296
iteration=940, norm2(solution): 75.2296
iteration=950, norm2(solution): 75.2296
iteration=960, norm2(solution): 75.2296
iteration=970, norm2(solution): 75.2296
iteration=980, norm2(solution): 75.2296
iteration=990, norm2(solution): 75.2296
etime_solver:  65.531470 [msec]  (1000 iterations)
etime_norm2:       3.957601 [msec]   (100 times)
etime_allreduce:   1.893160 [msec]   (100 times)
hop:      total  46.538172 [msec]
           bulk  37.901699 [msec]
       boundary  1.034220 [msec]
           pack  0.865141 [msec]
    communicate  40.104429 [msec]
      comm. overlap  38.103339 [msec]
  comm. non-overlap  2.001090 [msec]
 initiate recv   0.000000 [msec]
     send wait   2.090242 [msec]
time resolution: 1e-06 msec.
done: utofu double buffer
iteration=1000, relative diff2: 2.67619e-22
norm2 of the solution=   7.522958187230014e+01

factor for extra buffer: 2
initializing mult_utofu_double_buf: Px, Py = 48, 4; NNx, NNy = 2880, 240
size_x size_y: 120  120
 dir=0, tni_id=1
 dir=1, tni_id=4
 dir=2, tni_id=3
 dir=3, tni_id=5
init: 0.138260 [msec]
---------------------------------------------
   solving with utofu double buffer
---------------------------------------------
Nx=60, Ny=60, n_iter=1000
rankmap_lib: calling get_tni_list for dim=2, flag=2
iteration=0, norm2(solution): 0.0594884
iteration=10, norm2(solution): 4.31518
iteration=20, norm2(solution): 12.3919
iteration=30, norm2(solution): 21.6013
iteration=40, norm2(solution): 30.5652
iteration=50, norm2(solution): 38.6477
iteration=60, norm2(solution): 45.6206
iteration=70, norm2(solution): 51.4699
iteration=80, norm2(solution): 56.2847
iteration=90, norm2(solution): 60.1956
iteration=100, norm2(solution): 63.3422
iteration=110, norm2(solution): 65.8561
iteration=120, norm2(solution): 67.8538
iteration=130, norm2(solution): 69.4353
iteration=140, norm2(solution): 70.6833
iteration=150, norm2(solution): 71.666
iteration=160, norm2(solution): 72.4384
iteration=170, norm2(solution): 73.0446
iteration=180, norm2(solution): 73.5199
iteration=190, norm2(solution): 73.8924
iteration=200, norm2(solution): 74.1839
iteration=210, norm2(solution): 74.4121
iteration=220, norm2(solution): 74.5906
iteration=230, norm2(solution): 74.7302
iteration=240, norm2(solution): 74.8393
iteration=250, norm2(solution): 74.9246
iteration=260, norm2(solution): 74.9913
iteration=270, norm2(solution): 75.0434
iteration=280, norm2(solution): 75.0841
iteration=290, norm2(solution): 75.1159
iteration=300, norm2(solution): 75.1408
iteration=310, norm2(solution): 75.1602
iteration=320, norm2(solution): 75.1754
iteration=330, norm2(solution): 75.1872
iteration=340, norm2(solution): 75.1965
iteration=350, norm2(solution): 75.2037
iteration=360, norm2(solution): 75.2094
iteration=370, norm2(solution): 75.2138
iteration=380, norm2(solution): 75.2173
iteration=390, norm2(solution): 75.22
iteration=400, norm2(solution): 75.2221
iteration=410, norm2(solution): 75.2237
iteration=420, norm2(solution): 75.225
iteration=430, norm2(solution): 75.226
iteration=440, norm2(solution): 75.2268
iteration=450, norm2(solution): 75.2274
iteration=460, norm2(solution): 75.2279
iteration=470, norm2(solution): 75.2282
iteration=480, norm2(solution): 75.2285
iteration=490, norm2(solution): 75.2288
iteration=500, norm2(solution): 75.2289
iteration=510, norm2(solution): 75.2291
iteration=520, norm2(solution): 75.2292
iteration=530, norm2(solution): 75.2293
iteration=540, norm2(solution): 75.2293
iteration=550, norm2(solution): 75.2294
iteration=560, norm2(solution): 75.2294
iteration=570, norm2(solution): 75.2295
iteration=580, norm2(solution): 75.2295
iteration=590, norm2(solution): 75.2295
iteration=600, norm2(solution): 75.2295
iteration=610, norm2(solution): 75.2295
iteration=620, norm2(solution): 75.2295
iteration=630, norm2(solution): 75.2296
iteration=640, norm2(solution): 75.2296
iteration=650, norm2(solution): 75.2296
iteration=660, norm2(solution): 75.2296
iteration=670, norm2(solution): 75.2296
iteration=680, norm2(solution): 75.2296
iteration=690, norm2(solution): 75.2296
iteration=700, norm2(solution): 75.2296
iteration=710, norm2(solution): 75.2296
iteration=720, norm2(solution): 75.2296
iteration=730, norm2(solution): 75.2296
iteration=740, norm2(solution): 75.2296
iteration=750, norm2(solution): 75.2296
iteration=760, norm2(solution): 75.2296
iteration=770, norm2(solution): 75.2296
iteration=780, norm2(solution): 75.2296
iteration=790, norm2(solution): 75.2296
iteration=800, norm2(solution): 75.2296
iteration=810, norm2(solution): 75.2296
iteration=820, norm2(solution): 75.2296
iteration=830, norm2(solution): 75.2296
iteration=840, norm2(solution): 75.2296
iteration=850, norm2(solution): 75.2296
iteration=860, norm2(solution): 75.2296
iteration=870, norm2(solution): 75.2296
iteration=880, norm2(solution): 75.2296
iteration=890, norm2(solution): 75.2296
iteration=900, norm2(solution): 75.2296
iteration=910, norm2(solution): 75.2296
iteration=920, norm2(solution): 75.2296
iteration=930, norm2(solution): 75.2296
iteration=940, norm2(solution): 75.2296
iteration=950, norm2(solution): 75.2296
iteration=960, norm2(solution): 75.2296
iteration=970, norm2(solution): 75.2296
iteration=980, norm2(solution): 75.2296
iteration=990, norm2(solution): 75.2296
etime_solver:  65.109869 [msec]  (1000 iterations)
etime_norm2:       4.629972 [msec]   (100 times)
etime_allreduce:   2.581601 [msec]   (100 times)
hop:      total  46.229423 [msec]
           bulk  37.853301 [msec]
       boundary  1.040560 [msec]
           pack  0.813691 [msec]
    communicate  39.948081 [msec]
      comm. overlap  38.055721 [msec]
  comm. non-overlap  1.892360 [msec]
 initiate recv   0.000000 [msec]
     send wait   1.997760 [msec]
time resolution: 1e-06 msec.
done: utofu double buffer
iteration=1000, relative diff2: 2.67619e-22
norm2 of the solution=   7.522958187230014e+01

factor for extra buffer: 4
initializing mult_utofu_double_buf: Px, Py = 48, 4; NNx, NNy = 2880, 240
size_x size_y: 240  240
 dir=0, tni_id=1
 dir=1, tni_id=4
 dir=2, tni_id=3
 dir=3, tni_id=5
init: 0.191521 [msec]
---------------------------------------------
   solving with utofu double buffer
---------------------------------------------
Nx=60, Ny=60, n_iter=1000
rankmap_lib: calling get_tni_list for dim=2, flag=2
iteration=0, norm2(solution): 0.0594884
iteration=10, norm2(solution): 4.31518
iteration=20, norm2(solution): 12.3919
iteration=30, norm2(solution): 21.6013
iteration=40, norm2(solution): 30.5652
iteration=50, norm2(solution): 38.6477
iteration=60, norm2(solution): 45.6206
iteration=70, norm2(solution): 51.4699
iteration=80, norm2(solution): 56.2847
iteration=90, norm2(solution): 60.1956
iteration=100, norm2(solution): 63.3422
iteration=110, norm2(solution): 65.8561
iteration=120, norm2(solution): 67.8538
iteration=130, norm2(solution): 69.4353
iteration=140, norm2(solution): 70.6833
iteration=150, norm2(solution): 71.666
iteration=160, norm2(solution): 72.4384
iteration=170, norm2(solution): 73.0446
iteration=180, norm2(solution): 73.5199
iteration=190, norm2(solution): 73.8924
iteration=200, norm2(solution): 74.1839
iteration=210, norm2(solution): 74.4121
iteration=220, norm2(solution): 74.5906
iteration=230, norm2(solution): 74.7302
iteration=240, norm2(solution): 74.8393
iteration=250, norm2(solution): 74.9246
iteration=260, norm2(solution): 74.9913
iteration=270, norm2(solution): 75.0434
iteration=280, norm2(solution): 75.0841
iteration=290, norm2(solution): 75.1159
iteration=300, norm2(solution): 75.1408
iteration=310, norm2(solution): 75.1602
iteration=320, norm2(solution): 75.1754
iteration=330, norm2(solution): 75.1872
iteration=340, norm2(solution): 75.1965
iteration=350, norm2(solution): 75.2037
iteration=360, norm2(solution): 75.2094
iteration=370, norm2(solution): 75.2138
iteration=380, norm2(solution): 75.2173
iteration=390, norm2(solution): 75.22
iteration=400, norm2(solution): 75.2221
iteration=410, norm2(solution): 75.2237
iteration=420, norm2(solution): 75.225
iteration=430, norm2(solution): 75.226
iteration=440, norm2(solution): 75.2268
iteration=450, norm2(solution): 75.2274
iteration=460, norm2(solution): 75.2279
iteration=470, norm2(solution): 75.2282
iteration=480, norm2(solution): 75.2285
iteration=490, norm2(solution): 75.2288
iteration=500, norm2(solution): 75.2289
iteration=510, norm2(solution): 75.2291
iteration=520, norm2(solution): 75.2292
iteration=530, norm2(solution): 75.2293
iteration=540, norm2(solution): 75.2293
iteration=550, norm2(solution): 75.2294
iteration=560, norm2(solution): 75.2294
iteration=570, norm2(solution): 75.2295
iteration=580, norm2(solution): 75.2295
iteration=590, norm2(solution): 75.2295
iteration=600, norm2(solution): 75.2295
iteration=610, norm2(solution): 75.2295
iteration=620, norm2(solution): 75.2295
iteration=630, norm2(solution): 75.2296
iteration=640, norm2(solution): 75.2296
iteration=650, norm2(solution): 75.2296
iteration=660, norm2(solution): 75.2296
iteration=670, norm2(solution): 75.2296
iteration=680, norm2(solution): 75.2296
iteration=690, norm2(solution): 75.2296
iteration=700, norm2(solution): 75.2296
iteration=710, norm2(solution): 75.2296
iteration=720, norm2(solution): 75.2296
iteration=730, norm2(solution): 75.2296
iteration=740, norm2(solution): 75.2296
iteration=750, norm2(solution): 75.2296
iteration=760, norm2(solution): 75.2296
iteration=770, norm2(solution): 75.2296
iteration=780, norm2(solution): 75.2296
iteration=790, norm2(solution): 75.2296
iteration=800, norm2(solution): 75.2296
iteration=810, norm2(solution): 75.2296
iteration=820, norm2(solution): 75.2296
iteration=830, norm2(solution): 75.2296
iteration=840, norm2(solution): 75.2296
iteration=850, norm2(solution): 75.2296
iteration=860, norm2(solution): 75.2296
iteration=870, norm2(solution): 75.2296
iteration=880, norm2(solution): 75.2296
iteration=890, norm2(solution): 75.2296
iteration=900, norm2(solution): 75.2296
iteration=910, norm2(solution): 75.2296
iteration=920, norm2(solution): 75.2296
iteration=930, norm2(solution): 75.2296
iteration=940, norm2(solution): 75.2296
iteration=950, norm2(solution): 75.2296
iteration=960, norm2(solution): 75.2296
iteration=970, norm2(solution): 75.2296
iteration=980, norm2(solution): 75.2296
iteration=990, norm2(solution): 75.2296
etime_solver:  65.254419 [msec]  (1000 iterations)
etime_norm2:       4.804753 [msec]   (100 times)
etime_allreduce:   2.760502 [msec]   (100 times)
hop:      total  46.185839 [msec]
           bulk  37.819488 [msec]
       boundary  1.050750 [msec]
           pack  0.812440 [msec]
    communicate  39.902808 [msec]
      comm. overlap  38.022738 [msec]
  comm. non-overlap  1.880070 [msec]
 initiate recv   0.000000 [msec]
     send wait   1.998100 [msec]
time resolution: 1e-06 msec.
done: utofu double buffer
iteration=1000, relative diff2: 2.67619e-22
norm2 of the solution=   7.522958187230014e+01

factor for extra buffer: 8
initializing mult_utofu_double_buf: Px, Py = 48, 4; NNx, NNy = 2880, 240
size_x size_y: 480  480
 dir=0, tni_id=1
 dir=1, tni_id=4
 dir=2, tni_id=3
 dir=3, tni_id=5
init: 0.125390 [msec]
---------------------------------------------
   solving with utofu double buffer
---------------------------------------------
Nx=60, Ny=60, n_iter=1000
rankmap_lib: calling get_tni_list for dim=2, flag=2
iteration=0, norm2(solution): 0.0594884
iteration=10, norm2(solution): 4.31518
iteration=20, norm2(solution): 12.3919
iteration=30, norm2(solution): 21.6013
iteration=40, norm2(solution): 30.5652
iteration=50, norm2(solution): 38.6477
iteration=60, norm2(solution): 45.6206
iteration=70, norm2(solution): 51.4699
iteration=80, norm2(solution): 56.2847
iteration=90, norm2(solution): 60.1956
iteration=100, norm2(solution): 63.3422
iteration=110, norm2(solution): 65.8561
iteration=120, norm2(solution): 67.8538
iteration=130, norm2(solution): 69.4353
iteration=140, norm2(solution): 70.6833
iteration=150, norm2(solution): 71.666
iteration=160, norm2(solution): 72.4384
iteration=170, norm2(solution): 73.0446
iteration=180, norm2(solution): 73.5199
iteration=190, norm2(solution): 73.8924
iteration=200, norm2(solution): 74.1839
iteration=210, norm2(solution): 74.4121
iteration=220, norm2(solution): 74.5906
iteration=230, norm2(solution): 74.7302
iteration=240, norm2(solution): 74.8393
iteration=250, norm2(solution): 74.9246
iteration=260, norm2(solution): 74.9913
iteration=270, norm2(solution): 75.0434
iteration=280, norm2(solution): 75.0841
iteration=290, norm2(solution): 75.1159
iteration=300, norm2(solution): 75.1408
iteration=310, norm2(solution): 75.1602
iteration=320, norm2(solution): 75.1754
iteration=330, norm2(solution): 75.1872
iteration=340, norm2(solution): 75.1965
iteration=350, norm2(solution): 75.2037
iteration=360, norm2(solution): 75.2094
iteration=370, norm2(solution): 75.2138
iteration=380, norm2(solution): 75.2173
iteration=390, norm2(solution): 75.22
iteration=400, norm2(solution): 75.2221
iteration=410, norm2(solution): 75.2237
iteration=420, norm2(solution): 75.225
iteration=430, norm2(solution): 75.226
iteration=440, norm2(solution): 75.2268
iteration=450, norm2(solution): 75.2274
iteration=460, norm2(solution): 75.2279
iteration=470, norm2(solution): 75.2282
iteration=480, norm2(solution): 75.2285
iteration=490, norm2(solution): 75.2288
iteration=500, norm2(solution): 75.2289
iteration=510, norm2(solution): 75.2291
iteration=520, norm2(solution): 75.2292
iteration=530, norm2(solution): 75.2293
iteration=540, norm2(solution): 75.2293
iteration=550, norm2(solution): 75.2294
iteration=560, norm2(solution): 75.2294
iteration=570, norm2(solution): 75.2295
iteration=580, norm2(solution): 75.2295
iteration=590, norm2(solution): 75.2295
iteration=600, norm2(solution): 75.2295
iteration=610, norm2(solution): 75.2295
iteration=620, norm2(solution): 75.2295
iteration=630, norm2(solution): 75.2296
iteration=640, norm2(solution): 75.2296
iteration=650, norm2(solution): 75.2296
iteration=660, norm2(solution): 75.2296
iteration=670, norm2(solution): 75.2296
iteration=680, norm2(solution): 75.2296
iteration=690, norm2(solution): 75.2296
iteration=700, norm2(solution): 75.2296
iteration=710, norm2(solution): 75.2296
iteration=720, norm2(solution): 75.2296
iteration=730, norm2(solution): 75.2296
iteration=740, norm2(solution): 75.2296
iteration=750, norm2(solution): 75.2296
iteration=760, norm2(solution): 75.2296
iteration=770, norm2(solution): 75.2296
iteration=780, norm2(solution): 75.2296
iteration=790, norm2(solution): 75.2296
iteration=800, norm2(solution): 75.2296
iteration=810, norm2(solution): 75.2296
iteration=820, norm2(solution): 75.2296
iteration=830, norm2(solution): 75.2296
iteration=840, norm2(solution): 75.2296
iteration=850, norm2(solution): 75.2296
iteration=860, norm2(solution): 75.2296
iteration=870, norm2(solution): 75.2296
iteration=880, norm2(solution): 75.2296
iteration=890, norm2(solution): 75.2296
iteration=900, norm2(solution): 75.2296
iteration=910, norm2(solution): 75.2296
iteration=920, norm2(solution): 75.2296
iteration=930, norm2(solution): 75.2296
iteration=940, norm2(solution): 75.2296
iteration=950, norm2(solution): 75.2296
iteration=960, norm2(solution): 75.2296
iteration=970, norm2(solution): 75.2296
iteration=980, norm2(solution): 75.2296
iteration=990, norm2(solution): 75.2296
etime_solver:  66.214700 [msec]  (1000 iterations)
etime_norm2:       5.302001 [msec]   (100 times)
etime_allreduce:   3.271781 [msec]   (100 times)
hop:      total  46.316940 [msec]
           bulk  37.820936 [msec]
       boundary  1.052060 [msec]
           pack  0.806841 [msec]
    communicate  40.015406 [msec]
      comm. overlap  38.024456 [msec]
  comm. non-overlap  1.990950 [msec]
 initiate recv   0.000000 [msec]
     send wait   2.002380 [msec]
time resolution: 1e-06 msec.
done: utofu double buffer
iteration=1000, relative diff2: 2.67619e-22
norm2 of the solution=   7.522958187230014e+01

factor for extra buffer: 16
initializing mult_utofu_double_buf: Px, Py = 48, 4; NNx, NNy = 2880, 240
size_x size_y: 960  960
 dir=0, tni_id=1
 dir=1, tni_id=4
 dir=2, tni_id=3
 dir=3, tni_id=5
init: 0.722670 [msec]
---------------------------------------------
   solving with utofu double buffer
---------------------------------------------
Nx=60, Ny=60, n_iter=1000
rankmap_lib: calling get_tni_list for dim=2, flag=2
iteration=0, norm2(solution): 0.0594884
iteration=10, norm2(solution): 4.31518
iteration=20, norm2(solution): 12.3919
iteration=30, norm2(solution): 21.6013
iteration=40, norm2(solution): 30.5652
iteration=50, norm2(solution): 38.6477
iteration=60, norm2(solution): 45.6206
iteration=70, norm2(solution): 51.4699
iteration=80, norm2(solution): 56.2847
iteration=90, norm2(solution): 60.1956
iteration=100, norm2(solution): 63.3422
iteration=110, norm2(solution): 65.8561
iteration=120, norm2(solution): 67.8538
iteration=130, norm2(solution): 69.4353
iteration=140, norm2(solution): 70.6833
iteration=150, norm2(solution): 71.666
iteration=160, norm2(solution): 72.4384
iteration=170, norm2(solution): 73.0446
iteration=180, norm2(solution): 73.5199
iteration=190, norm2(solution): 73.8924
iteration=200, norm2(solution): 74.1839
iteration=210, norm2(solution): 74.4121
iteration=220, norm2(solution): 74.5906
iteration=230, norm2(solution): 74.7302
iteration=240, norm2(solution): 74.8393
iteration=250, norm2(solution): 74.9246
iteration=260, norm2(solution): 74.9913
iteration=270, norm2(solution): 75.0434
iteration=280, norm2(solution): 75.0841
iteration=290, norm2(solution): 75.1159
iteration=300, norm2(solution): 75.1408
iteration=310, norm2(solution): 75.1602
iteration=320, norm2(solution): 75.1754
iteration=330, norm2(solution): 75.1872
iteration=340, norm2(solution): 75.1965
iteration=350, norm2(solution): 75.2037
iteration=360, norm2(solution): 75.2094
iteration=370, norm2(solution): 75.2138
iteration=380, norm2(solution): 75.2173
iteration=390, norm2(solution): 75.22
iteration=400, norm2(solution): 75.2221
iteration=410, norm2(solution): 75.2237
iteration=420, norm2(solution): 75.225
iteration=430, norm2(solution): 75.226
iteration=440, norm2(solution): 75.2268
iteration=450, norm2(solution): 75.2274
iteration=460, norm2(solution): 75.2279
iteration=470, norm2(solution): 75.2282
iteration=480, norm2(solution): 75.2285
iteration=490, norm2(solution): 75.2288
iteration=500, norm2(solution): 75.2289
iteration=510, norm2(solution): 75.2291
iteration=520, norm2(solution): 75.2292
iteration=530, norm2(solution): 75.2293
iteration=540, norm2(solution): 75.2293
iteration=550, norm2(solution): 75.2294
iteration=560, norm2(solution): 75.2294
iteration=570, norm2(solution): 75.2295
iteration=580, norm2(solution): 75.2295
iteration=590, norm2(solution): 75.2295
iteration=600, norm2(solution): 75.2295
iteration=610, norm2(solution): 75.2295
iteration=620, norm2(solution): 75.2295
iteration=630, norm2(solution): 75.2296
iteration=640, norm2(solution): 75.2296
iteration=650, norm2(solution): 75.2296
iteration=660, norm2(solution): 75.2296
iteration=670, norm2(solution): 75.2296
iteration=680, norm2(solution): 75.2296
iteration=690, norm2(solution): 75.2296
iteration=700, norm2(solution): 75.2296
iteration=710, norm2(solution): 75.2296
iteration=720, norm2(solution): 75.2296
iteration=730, norm2(solution): 75.2296
iteration=740, norm2(solution): 75.2296
iteration=750, norm2(solution): 75.2296
iteration=760, norm2(solution): 75.2296
iteration=770, norm2(solution): 75.2296
iteration=780, norm2(solution): 75.2296
iteration=790, norm2(solution): 75.2296
iteration=800, norm2(solution): 75.2296
iteration=810, norm2(solution): 75.2296
iteration=820, norm2(solution): 75.2296
iteration=830, norm2(solution): 75.2296
iteration=840, norm2(solution): 75.2296
iteration=850, norm2(solution): 75.2296
iteration=860, norm2(solution): 75.2296
iteration=870, norm2(solution): 75.2296
iteration=880, norm2(solution): 75.2296
iteration=890, norm2(solution): 75.2296
iteration=900, norm2(solution): 75.2296
iteration=910, norm2(solution): 75.2296
iteration=920, norm2(solution): 75.2296
iteration=930, norm2(solution): 75.2296
iteration=940, norm2(solution): 75.2296
iteration=950, norm2(solution): 75.2296
iteration=960, norm2(solution): 75.2296
iteration=970, norm2(solution): 75.2296
iteration=980, norm2(solution): 75.2296
iteration=990, norm2(solution): 75.2296
etime_solver:  65.334890 [msec]  (1000 iterations)
etime_norm2:       4.699302 [msec]   (100 times)
etime_allreduce:   2.654231 [msec]   (100 times)
hop:      total  46.267815 [msec]
           bulk  37.798732 [msec]
       boundary  1.057920 [msec]
           pack  0.801141 [msec]
    communicate  39.972462 [msec]
      comm. overlap  37.999862 [msec]
  comm. non-overlap  1.972600 [msec]
 initiate recv   0.000000 [msec]
     send wait   1.999310 [msec]
time resolution: 1e-06 msec.
done: utofu double buffer
iteration=1000, relative diff2: 2.67619e-22
norm2 of the solution=   7.522958187230014e+01

factor for extra buffer: 32
initializing mult_utofu_double_buf: Px, Py = 48, 4; NNx, NNy = 2880, 240
size_x size_y: 1920  1920
 dir=0, tni_id=1
 dir=1, tni_id=4
 dir=2, tni_id=3
 dir=3, tni_id=5
init: 0.181070 [msec]
---------------------------------------------
   solving with utofu double buffer
---------------------------------------------
Nx=60, Ny=60, n_iter=1000
rankmap_lib: calling get_tni_list for dim=2, flag=2
iteration=0, norm2(solution): 0.0594884
iteration=10, norm2(solution): 4.31518
iteration=20, norm2(solution): 12.3919
iteration=30, norm2(solution): 21.6013
iteration=40, norm2(solution): 30.5652
iteration=50, norm2(solution): 38.6477
iteration=60, norm2(solution): 45.6206
iteration=70, norm2(solution): 51.4699
iteration=80, norm2(solution): 56.2847
iteration=90, norm2(solution): 60.1956
iteration=100, norm2(solution): 63.3422
iteration=110, norm2(solution): 65.8561
iteration=120, norm2(solution): 67.8538
iteration=130, norm2(solution): 69.4353
iteration=140, norm2(solution): 70.6833
iteration=150, norm2(solution): 71.666
iteration=160, norm2(solution): 72.4384
iteration=170, norm2(solution): 73.0446
iteration=180, norm2(solution): 73.5199
iteration=190, norm2(solution): 73.8924
iteration=200, norm2(solution): 74.1839
iteration=210, norm2(solution): 74.4121
iteration=220, norm2(solution): 74.5906
iteration=230, norm2(solution): 74.7302
iteration=240, norm2(solution): 74.8393
iteration=250, norm2(solution): 74.9246
iteration=260, norm2(solution): 74.9913
iteration=270, norm2(solution): 75.0434
iteration=280, norm2(solution): 75.0841
iteration=290, norm2(solution): 75.1159
iteration=300, norm2(solution): 75.1408
iteration=310, norm2(solution): 75.1602
iteration=320, norm2(solution): 75.1754
iteration=330, norm2(solution): 75.1872
iteration=340, norm2(solution): 75.1965
iteration=350, norm2(solution): 75.2037
iteration=360, norm2(solution): 75.2094
iteration=370, norm2(solution): 75.2138
iteration=380, norm2(solution): 75.2173
iteration=390, norm2(solution): 75.22
iteration=400, norm2(solution): 75.2221
iteration=410, norm2(solution): 75.2237
iteration=420, norm2(solution): 75.225
iteration=430, norm2(solution): 75.226
iteration=440, norm2(solution): 75.2268
iteration=450, norm2(solution): 75.2274
iteration=460, norm2(solution): 75.2279
iteration=470, norm2(solution): 75.2282
iteration=480, norm2(solution): 75.2285
iteration=490, norm2(solution): 75.2288
iteration=500, norm2(solution): 75.2289
iteration=510, norm2(solution): 75.2291
iteration=520, norm2(solution): 75.2292
iteration=530, norm2(solution): 75.2293
iteration=540, norm2(solution): 75.2293
iteration=550, norm2(solution): 75.2294
iteration=560, norm2(solution): 75.2294
iteration=570, norm2(solution): 75.2295
iteration=580, norm2(solution): 75.2295
iteration=590, norm2(solution): 75.2295
iteration=600, norm2(solution): 75.2295
iteration=610, norm2(solution): 75.2295
iteration=620, norm2(solution): 75.2295
iteration=630, norm2(solution): 75.2296
iteration=640, norm2(solution): 75.2296
iteration=650, norm2(solution): 75.2296
iteration=660, norm2(solution): 75.2296
iteration=670, norm2(solution): 75.2296
iteration=680, norm2(solution): 75.2296
iteration=690, norm2(solution): 75.2296
iteration=700, norm2(solution): 75.2296
iteration=710, norm2(solution): 75.2296
iteration=720, norm2(solution): 75.2296
iteration=730, norm2(solution): 75.2296
iteration=740, norm2(solution): 75.2296
iteration=750, norm2(solution): 75.2296
iteration=760, norm2(solution): 75.2296
iteration=770, norm2(solution): 75.2296
iteration=780, norm2(solution): 75.2296
iteration=790, norm2(solution): 75.2296
iteration=800, norm2(solution): 75.2296
iteration=810, norm2(solution): 75.2296
iteration=820, norm2(solution): 75.2296
iteration=830, norm2(solution): 75.2296
iteration=840, norm2(solution): 75.2296
iteration=850, norm2(solution): 75.2296
iteration=860, norm2(solution): 75.2296
iteration=870, norm2(solution): 75.2296
iteration=880, norm2(solution): 75.2296
iteration=890, norm2(solution): 75.2296
iteration=900, norm2(solution): 75.2296
iteration=910, norm2(solution): 75.2296
iteration=920, norm2(solution): 75.2296
iteration=930, norm2(solution): 75.2296
iteration=940, norm2(solution): 75.2296
iteration=950, norm2(solution): 75.2296
iteration=960, norm2(solution): 75.2296
iteration=970, norm2(solution): 75.2296
iteration=980, norm2(solution): 75.2296
iteration=990, norm2(solution): 75.2296
etime_solver:  65.025519 [msec]  (1000 iterations)
etime_norm2:       3.881121 [msec]   (100 times)
etime_allreduce:   1.842970 [msec]   (100 times)
hop:      total  46.440749 [msec]
           bulk  37.909001 [msec]
       boundary  1.074950 [msec]
           pack  0.807172 [msec]
    communicate  40.081403 [msec]
      comm. overlap  38.114481 [msec]
  comm. non-overlap  1.966922 [msec]
 initiate recv   0.000000 [msec]
     send wait   2.022162 [msec]
time resolution: 1e-06 msec.
done: utofu double buffer
iteration=1000, relative diff2: 2.67619e-22
norm2 of the solution=   7.522958187230014e+01

factor for extra buffer: 64
initializing mult_utofu_double_buf: Px, Py = 48, 4; NNx, NNy = 2880, 240
size_x size_y: 3840  3840
 dir=0, tni_id=1
 dir=1, tni_id=4
 dir=2, tni_id=3
 dir=3, tni_id=5
init: 0.097660 [msec]
---------------------------------------------
   solving with utofu double buffer
---------------------------------------------
Nx=60, Ny=60, n_iter=1000
rankmap_lib: calling get_tni_list for dim=2, flag=2
iteration=0, norm2(solution): 0.0594884
iteration=10, norm2(solution): 4.31518
iteration=20, norm2(solution): 12.3919
iteration=30, norm2(solution): 21.6013
iteration=40, norm2(solution): 30.5652
iteration=50, norm2(solution): 38.6477
iteration=60, norm2(solution): 45.6206
iteration=70, norm2(solution): 51.4699
iteration=80, norm2(solution): 56.2847
iteration=90, norm2(solution): 60.1956
iteration=100, norm2(solution): 63.3422
iteration=110, norm2(solution): 65.8561
iteration=120, norm2(solution): 67.8538
iteration=130, norm2(solution): 69.4353
iteration=140, norm2(solution): 70.6833
iteration=150, norm2(solution): 71.666
iteration=160, norm2(solution): 72.4384
iteration=170, norm2(solution): 73.0446
iteration=180, norm2(solution): 73.5199
iteration=190, norm2(solution): 73.8924
iteration=200, norm2(solution): 74.1839
iteration=210, norm2(solution): 74.4121
iteration=220, norm2(solution): 74.5906
iteration=230, norm2(solution): 74.7302
iteration=240, norm2(solution): 74.8393
iteration=250, norm2(solution): 74.9246
iteration=260, norm2(solution): 74.9913
iteration=270, norm2(solution): 75.0434
iteration=280, norm2(solution): 75.0841
iteration=290, norm2(solution): 75.1159
iteration=300, norm2(solution): 75.1408
iteration=310, norm2(solution): 75.1602
iteration=320, norm2(solution): 75.1754
iteration=330, norm2(solution): 75.1872
iteration=340, norm2(solution): 75.1965
iteration=350, norm2(solution): 75.2037
iteration=360, norm2(solution): 75.2094
iteration=370, norm2(solution): 75.2138
iteration=380, norm2(solution): 75.2173
iteration=390, norm2(solution): 75.22
iteration=400, norm2(solution): 75.2221
iteration=410, norm2(solution): 75.2237
iteration=420, norm2(solution): 75.225
iteration=430, norm2(solution): 75.226
iteration=440, norm2(solution): 75.2268
iteration=450, norm2(solution): 75.2274
iteration=460, norm2(solution): 75.2279
iteration=470, norm2(solution): 75.2282
iteration=480, norm2(solution): 75.2285
iteration=490, norm2(solution): 75.2288
iteration=500, norm2(solution): 75.2289
iteration=510, norm2(solution): 75.2291
iteration=520, norm2(solution): 75.2292
iteration=530, norm2(solution): 75.2293
iteration=540, norm2(solution): 75.2293
iteration=550, norm2(solution): 75.2294
iteration=560, norm2(solution): 75.2294
iteration=570, norm2(solution): 75.2295
iteration=580, norm2(solution): 75.2295
iteration=590, norm2(solution): 75.2295
iteration=600, norm2(solution): 75.2295
iteration=610, norm2(solution): 75.2295
iteration=620, norm2(solution): 75.2295
iteration=630, norm2(solution): 75.2296
iteration=640, norm2(solution): 75.2296
iteration=650, norm2(solution): 75.2296
iteration=660, norm2(solution): 75.2296
iteration=670, norm2(solution): 75.2296
iteration=680, norm2(solution): 75.2296
iteration=690, norm2(solution): 75.2296
iteration=700, norm2(solution): 75.2296
iteration=710, norm2(solution): 75.2296
iteration=720, norm2(solution): 75.2296
iteration=730, norm2(solution): 75.2296
iteration=740, norm2(solution): 75.2296
iteration=750, norm2(solution): 75.2296
iteration=760, norm2(solution): 75.2296
iteration=770, norm2(solution): 75.2296
iteration=780, norm2(solution): 75.2296
iteration=790, norm2(solution): 75.2296
iteration=800, norm2(solution): 75.2296
iteration=810, norm2(solution): 75.2296
iteration=820, norm2(solution): 75.2296
iteration=830, norm2(solution): 75.2296
iteration=840, norm2(solution): 75.2296
iteration=850, norm2(solution): 75.2296
iteration=860, norm2(solution): 75.2296
iteration=870, norm2(solution): 75.2296
iteration=880, norm2(solution): 75.2296
iteration=890, norm2(solution): 75.2296
iteration=900, norm2(solution): 75.2296
iteration=910, norm2(solution): 75.2296
iteration=920, norm2(solution): 75.2296
iteration=930, norm2(solution): 75.2296
iteration=940, norm2(solution): 75.2296
iteration=950, norm2(solution): 75.2296
iteration=960, norm2(solution): 75.2296
iteration=970, norm2(solution): 75.2296
iteration=980, norm2(solution): 75.2296
iteration=990, norm2(solution): 75.2296
etime_solver:  66.224321 [msec]  (1000 iterations)
etime_norm2:       4.824462 [msec]   (100 times)
etime_allreduce:   2.762162 [msec]   (100 times)
hop:      total  46.536497 [msec]
           bulk  37.988154 [msec]
       boundary  1.043720 [msec]
           pack  0.805701 [msec]
    communicate  40.220475 [msec]
      comm. overlap  38.194624 [msec]
  comm. non-overlap  2.025851 [msec]
 initiate recv   0.000000 [msec]
     send wait   2.003800 [msec]
time resolution: 1e-06 msec.
done: utofu double buffer
iteration=1000, relative diff2: 2.67619e-22
norm2 of the solution=   7.522958187230014e+01

factor for extra buffer: 128
initializing mult_utofu_double_buf: Px, Py = 48, 4; NNx, NNy = 2880, 240
size_x size_y: 7680  7680
 dir=0, tni_id=1
 dir=1, tni_id=4
 dir=2, tni_id=3
 dir=3, tni_id=5
init: 1.445230 [msec]
---------------------------------------------
   solving with utofu double buffer
---------------------------------------------
Nx=60, Ny=60, n_iter=1000
rankmap_lib: calling get_tni_list for dim=2, flag=2
iteration=0, norm2(solution): 0.0594884
iteration=10, norm2(solution): 4.31518
iteration=20, norm2(solution): 12.3919
iteration=30, norm2(solution): 21.6013
iteration=40, norm2(solution): 30.5652
iteration=50, norm2(solution): 38.6477
iteration=60, norm2(solution): 45.6206
iteration=70, norm2(solution): 51.4699
iteration=80, norm2(solution): 56.2847
iteration=90, norm2(solution): 60.1956
iteration=100, norm2(solution): 63.3422
iteration=110, norm2(solution): 65.8561
iteration=120, norm2(solution): 67.8538
iteration=130, norm2(solution): 69.4353
iteration=140, norm2(solution): 70.6833
iteration=150, norm2(solution): 71.666
iteration=160, norm2(solution): 72.4384
iteration=170, norm2(solution): 73.0446
iteration=180, norm2(solution): 73.5199
iteration=190, norm2(solution): 73.8924
iteration=200, norm2(solution): 74.1839
iteration=210, norm2(solution): 74.4121
iteration=220, norm2(solution): 74.5906
iteration=230, norm2(solution): 74.7302
iteration=240, norm2(solution): 74.8393
iteration=250, norm2(solution): 74.9246
iteration=260, norm2(solution): 74.9913
iteration=270, norm2(solution): 75.0434
iteration=280, norm2(solution): 75.0841
iteration=290, norm2(solution): 75.1159
iteration=300, norm2(solution): 75.1408
iteration=310, norm2(solution): 75.1602
iteration=320, norm2(solution): 75.1754
iteration=330, norm2(solution): 75.1872
iteration=340, norm2(solution): 75.1965
iteration=350, norm2(solution): 75.2037
iteration=360, norm2(solution): 75.2094
iteration=370, norm2(solution): 75.2138
iteration=380, norm2(solution): 75.2173
iteration=390, norm2(solution): 75.22
iteration=400, norm2(solution): 75.2221
iteration=410, norm2(solution): 75.2237
iteration=420, norm2(solution): 75.225
iteration=430, norm2(solution): 75.226
iteration=440, norm2(solution): 75.2268
iteration=450, norm2(solution): 75.2274
iteration=460, norm2(solution): 75.2279
iteration=470, norm2(solution): 75.2282
iteration=480, norm2(solution): 75.2285
iteration=490, norm2(solution): 75.2288
iteration=500, norm2(solution): 75.2289
iteration=510, norm2(solution): 75.2291
iteration=520, norm2(solution): 75.2292
iteration=530, norm2(solution): 75.2293
iteration=540, norm2(solution): 75.2293
iteration=550, norm2(solution): 75.2294
iteration=560, norm2(solution): 75.2294
iteration=570, norm2(solution): 75.2295
iteration=580, norm2(solution): 75.2295
iteration=590, norm2(solution): 75.2295
iteration=600, norm2(solution): 75.2295
iteration=610, norm2(solution): 75.2295
iteration=620, norm2(solution): 75.2295
iteration=630, norm2(solution): 75.2296
iteration=640, norm2(solution): 75.2296
iteration=650, norm2(solution): 75.2296
iteration=660, norm2(solution): 75.2296
iteration=670, norm2(solution): 75.2296
iteration=680, norm2(solution): 75.2296
iteration=690, norm2(solution): 75.2296
iteration=700, norm2(solution): 75.2296
iteration=710, norm2(solution): 75.2296
iteration=720, norm2(solution): 75.2296
iteration=730, norm2(solution): 75.2296
iteration=740, norm2(solution): 75.2296
iteration=750, norm2(solution): 75.2296
iteration=760, norm2(solution): 75.2296
iteration=770, norm2(solution): 75.2296
iteration=780, norm2(solution): 75.2296
iteration=790, norm2(solution): 75.2296
iteration=800, norm2(solution): 75.2296
iteration=810, norm2(solution): 75.2296
iteration=820, norm2(solution): 75.2296
iteration=830, norm2(solution): 75.2296
iteration=840, norm2(solution): 75.2296
iteration=850, norm2(solution): 75.2296
iteration=860, norm2(solution): 75.2296
iteration=870, norm2(solution): 75.2296
iteration=880, norm2(solution): 75.2296
iteration=890, norm2(solution): 75.2296
iteration=900, norm2(solution): 75.2296
iteration=910, norm2(solution): 75.2296
iteration=920, norm2(solution): 75.2296
iteration=930, norm2(solution): 75.2296
iteration=940, norm2(solution): 75.2296
iteration=950, norm2(solution): 75.2296
iteration=960, norm2(solution): 75.2296
iteration=970, norm2(solution): 75.2296
iteration=980, norm2(solution): 75.2296
iteration=990, norm2(solution): 75.2296
etime_solver:  67.382941 [msec]  (1000 iterations)
etime_norm2:       4.290203 [msec]   (100 times)
etime_allreduce:   2.241780 [msec]   (100 times)
hop:      total  47.524134 [msec]
           bulk  38.447031 [msec]
       boundary  1.055260 [msec]
           pack  0.806470 [msec]
    communicate  41.103652 [msec]
      comm. overlap  38.654452 [msec]
  comm. non-overlap  2.449200 [msec]
 initiate recv   0.000000 [msec]
     send wait   2.092572 [msec]
time resolution: 1e-06 msec.
done: utofu double buffer
iteration=1000, relative diff2: 2.67619e-22
norm2 of the solution=   7.522958187230014e+01

factor for extra buffer: 256
initializing mult_utofu_double_buf: Px, Py = 48, 4; NNx, NNy = 2880, 240
size_x size_y: 15360  15360
 dir=0, tni_id=1
 dir=1, tni_id=4
 dir=2, tni_id=3
 dir=3, tni_id=5
init: 0.187560 [msec]
---------------------------------------------
   solving with utofu double buffer
---------------------------------------------
Nx=60, Ny=60, n_iter=1000
rankmap_lib: calling get_tni_list for dim=2, flag=2
iteration=0, norm2(solution): 0.0594884
iteration=10, norm2(solution): 4.31518
iteration=20, norm2(solution): 12.3919
iteration=30, norm2(solution): 21.6013
iteration=40, norm2(solution): 30.5652
iteration=50, norm2(solution): 38.6477
iteration=60, norm2(solution): 45.6206
iteration=70, norm2(solution): 51.4699
iteration=80, norm2(solution): 56.2847
iteration=90, norm2(solution): 60.1956
iteration=100, norm2(solution): 63.3422
iteration=110, norm2(solution): 65.8561
iteration=120, norm2(solution): 67.8538
iteration=130, norm2(solution): 69.4353
iteration=140, norm2(solution): 70.6833
iteration=150, norm2(solution): 71.666
iteration=160, norm2(solution): 72.4384
iteration=170, norm2(solution): 73.0446
iteration=180, norm2(solution): 73.5199
iteration=190, norm2(solution): 73.8924
iteration=200, norm2(solution): 74.1839
iteration=210, norm2(solution): 74.4121
iteration=220, norm2(solution): 74.5906
iteration=230, norm2(solution): 74.7302
iteration=240, norm2(solution): 74.8393
iteration=250, norm2(solution): 74.9246
iteration=260, norm2(solution): 74.9913
iteration=270, norm2(solution): 75.0434
iteration=280, norm2(solution): 75.0841
iteration=290, norm2(solution): 75.1159
iteration=300, norm2(solution): 75.1408
iteration=310, norm2(solution): 75.1602
iteration=320, norm2(solution): 75.1754
iteration=330, norm2(solution): 75.1872
iteration=340, norm2(solution): 75.1965
iteration=350, norm2(solution): 75.2037
iteration=360, norm2(solution): 75.2094
iteration=370, norm2(solution): 75.2138
iteration=380, norm2(solution): 75.2173
iteration=390, norm2(solution): 75.22
iteration=400, norm2(solution): 75.2221
iteration=410, norm2(solution): 75.2237
iteration=420, norm2(solution): 75.225
iteration=430, norm2(solution): 75.226
iteration=440, norm2(solution): 75.2268
iteration=450, norm2(solution): 75.2274
iteration=460, norm2(solution): 75.2279
iteration=470, norm2(solution): 75.2282
iteration=480, norm2(solution): 75.2285
iteration=490, norm2(solution): 75.2288
iteration=500, norm2(solution): 75.2289
iteration=510, norm2(solution): 75.2291
iteration=520, norm2(solution): 75.2292
iteration=530, norm2(solution): 75.2293
iteration=540, norm2(solution): 75.2293
iteration=550, norm2(solution): 75.2294
iteration=560, norm2(solution): 75.2294
iteration=570, norm2(solution): 75.2295
iteration=580, norm2(solution): 75.2295
iteration=590, norm2(solution): 75.2295
iteration=600, norm2(solution): 75.2295
iteration=610, norm2(solution): 75.2295
iteration=620, norm2(solution): 75.2295
iteration=630, norm2(solution): 75.2296
iteration=640, norm2(solution): 75.2296
iteration=650, norm2(solution): 75.2296
iteration=660, norm2(solution): 75.2296
iteration=670, norm2(solution): 75.2296
iteration=680, norm2(solution): 75.2296
iteration=690, norm2(solution): 75.2296
iteration=700, norm2(solution): 75.2296
iteration=710, norm2(solution): 75.2296
iteration=720, norm2(solution): 75.2296
iteration=730, norm2(solution): 75.2296
iteration=740, norm2(solution): 75.2296
iteration=750, norm2(solution): 75.2296
iteration=760, norm2(solution): 75.2296
iteration=770, norm2(solution): 75.2296
iteration=780, norm2(solution): 75.2296
iteration=790, norm2(solution): 75.2296
iteration=800, norm2(solution): 75.2296
iteration=810, norm2(solution): 75.2296
iteration=820, norm2(solution): 75.2296
iteration=830, norm2(solution): 75.2296
iteration=840, norm2(solution): 75.2296
iteration=850, norm2(solution): 75.2296
iteration=860, norm2(solution): 75.2296
iteration=870, norm2(solution): 75.2296
iteration=880, norm2(solution): 75.2296
iteration=890, norm2(solution): 75.2296
iteration=900, norm2(solution): 75.2296
iteration=910, norm2(solution): 75.2296
iteration=920, norm2(solution): 75.2296
iteration=930, norm2(solution): 75.2296
iteration=940, norm2(solution): 75.2296
iteration=950, norm2(solution): 75.2296
iteration=960, norm2(solution): 75.2296
iteration=970, norm2(solution): 75.2296
iteration=980, norm2(solution): 75.2296
iteration=990, norm2(solution): 75.2296
etime_solver:  102.334456 [msec]  (1000 iterations)
etime_norm2:       4.298001 [msec]   (100 times)
etime_allreduce:   2.240040 [msec]   (100 times)
hop:      total  82.749552 [msec]
           bulk  38.794917 [msec]
       boundary  1.028061 [msec]
           pack  0.777020 [msec]
    communicate  71.857014 [msec]
      comm. overlap  38.999657 [msec]
  comm. non-overlap  32.857357 [msec]
 initiate recv   0.000000 [msec]
     send wait   6.598595 [msec]
time resolution: 1e-06 msec.
done: utofu double buffer
iteration=1000, relative diff2: 2.67619e-22
norm2 of the solution=   7.522958187230014e+01

factor for extra buffer: 512
initializing mult_utofu_double_buf: Px, Py = 48, 4; NNx, NNy = 2880, 240
size_x size_y: 30720  30720
 dir=0, tni_id=1
 dir=1, tni_id=4
 dir=2, tni_id=3
 dir=3, tni_id=5
init: 0.624740 [msec]
---------------------------------------------
   solving with utofu double buffer
---------------------------------------------
Nx=60, Ny=60, n_iter=1000
rankmap_lib: calling get_tni_list for dim=2, flag=2
iteration=0, norm2(solution): 0.0594884
iteration=10, norm2(solution): 4.31518
iteration=20, norm2(solution): 12.3919
iteration=30, norm2(solution): 21.6013
iteration=40, norm2(solution): 30.5652
iteration=50, norm2(solution): 38.6477
iteration=60, norm2(solution): 45.6206
iteration=70, norm2(solution): 51.4699
iteration=80, norm2(solution): 56.2847
iteration=90, norm2(solution): 60.1956
iteration=100, norm2(solution): 63.3422
iteration=110, norm2(solution): 65.8561
iteration=120, norm2(solution): 67.8538
iteration=130, norm2(solution): 69.4353
iteration=140, norm2(solution): 70.6833
iteration=150, norm2(solution): 71.666
iteration=160, norm2(solution): 72.4384
iteration=170, norm2(solution): 73.0446
iteration=180, norm2(solution): 73.5199
iteration=190, norm2(solution): 73.8924
iteration=200, norm2(solution): 74.1839
iteration=210, norm2(solution): 74.4121
iteration=220, norm2(solution): 74.5906
iteration=230, norm2(solution): 74.7302
iteration=240, norm2(solution): 74.8393
iteration=250, norm2(solution): 74.9246
iteration=260, norm2(solution): 74.9913
iteration=270, norm2(solution): 75.0434
iteration=280, norm2(solution): 75.0841
iteration=290, norm2(solution): 75.1159
iteration=300, norm2(solution): 75.1408
iteration=310, norm2(solution): 75.1602
iteration=320, norm2(solution): 75.1754
iteration=330, norm2(solution): 75.1872
iteration=340, norm2(solution): 75.1965
iteration=350, norm2(solution): 75.2037
iteration=360, norm2(solution): 75.2094
iteration=370, norm2(solution): 75.2138
iteration=380, norm2(solution): 75.2173
iteration=390, norm2(solution): 75.22
iteration=400, norm2(solution): 75.2221
iteration=410, norm2(solution): 75.2237
iteration=420, norm2(solution): 75.225
iteration=430, norm2(solution): 75.226
iteration=440, norm2(solution): 75.2268
iteration=450, norm2(solution): 75.2274
iteration=460, norm2(solution): 75.2279
iteration=470, norm2(solution): 75.2282
iteration=480, norm2(solution): 75.2285
iteration=490, norm2(solution): 75.2288
iteration=500, norm2(solution): 75.2289
iteration=510, norm2(solution): 75.2291
iteration=520, norm2(solution): 75.2292
iteration=530, norm2(solution): 75.2293
iteration=540, norm2(solution): 75.2293
iteration=550, norm2(solution): 75.2294
iteration=560, norm2(solution): 75.2294
iteration=570, norm2(solution): 75.2295
iteration=580, norm2(solution): 75.2295
iteration=590, norm2(solution): 75.2295
iteration=600, norm2(solution): 75.2295
iteration=610, norm2(solution): 75.2295
iteration=620, norm2(solution): 75.2295
iteration=630, norm2(solution): 75.2296
iteration=640, norm2(solution): 75.2296
iteration=650, norm2(solution): 75.2296
iteration=660, norm2(solution): 75.2296
iteration=670, norm2(solution): 75.2296
iteration=680, norm2(solution): 75.2296
iteration=690, norm2(solution): 75.2296
iteration=700, norm2(solution): 75.2296
iteration=710, norm2(solution): 75.2296
iteration=720, norm2(solution): 75.2296
iteration=730, norm2(solution): 75.2296
iteration=740, norm2(solution): 75.2296
iteration=750, norm2(solution): 75.2296
iteration=760, norm2(solution): 75.2296
iteration=770, norm2(solution): 75.2296
iteration=780, norm2(solution): 75.2296
iteration=790, norm2(solution): 75.2296
iteration=800, norm2(solution): 75.2296
iteration=810, norm2(solution): 75.2296
iteration=820, norm2(solution): 75.2296
iteration=830, norm2(solution): 75.2296
iteration=840, norm2(solution): 75.2296
iteration=850, norm2(solution): 75.2296
iteration=860, norm2(solution): 75.2296
iteration=870, norm2(solution): 75.2296
iteration=880, norm2(solution): 75.2296
iteration=890, norm2(solution): 75.2296
iteration=900, norm2(solution): 75.2296
iteration=910, norm2(solution): 75.2296
iteration=920, norm2(solution): 75.2296
iteration=930, norm2(solution): 75.2296
iteration=940, norm2(solution): 75.2296
iteration=950, norm2(solution): 75.2296
iteration=960, norm2(solution): 75.2296
iteration=970, norm2(solution): 75.2296
iteration=980, norm2(solution): 75.2296
iteration=990, norm2(solution): 75.2296
etime_solver:  184.283614 [msec]  (1000 iterations)
etime_norm2:       7.520445 [msec]   (100 times)
etime_allreduce:   5.458644 [msec]   (100 times)
hop:      total  160.974029 [msec]
           bulk  38.559697 [msec]
       boundary  1.032800 [msec]
           pack  0.799560 [msec]
    communicate  147.969893 [msec]
      comm. overlap  38.780177 [msec]
  comm. non-overlap  109.189716 [msec]
 initiate recv   0.000000 [msec]
     send wait   8.714626 [msec]
time resolution: 1e-06 msec.
done: utofu double buffer
iteration=1000, relative diff2: 2.67619e-22
norm2 of the solution=   7.522958187230014e+01

factor for extra buffer: 1024
initializing mult_utofu_double_buf: Px, Py = 48, 4; NNx, NNy = 2880, 240
size_x size_y: 61440  61440
 dir=0, tni_id=1
 dir=1, tni_id=4
 dir=2, tni_id=3
 dir=3, tni_id=5
init: 0.802390 [msec]
---------------------------------------------
   solving with utofu double buffer
---------------------------------------------
Nx=60, Ny=60, n_iter=1000
rankmap_lib: calling get_tni_list for dim=2, flag=2
iteration=0, norm2(solution): 0.0594884
iteration=10, norm2(solution): 4.31518
iteration=20, norm2(solution): 12.3919
iteration=30, norm2(solution): 21.6013
iteration=40, norm2(solution): 30.5652
iteration=50, norm2(solution): 38.6477
iteration=60, norm2(solution): 45.6206
iteration=70, norm2(solution): 51.4699
iteration=80, norm2(solution): 56.2847
iteration=90, norm2(solution): 60.1956
iteration=100, norm2(solution): 63.3422
iteration=110, norm2(solution): 65.8561
iteration=120, norm2(solution): 67.8538
iteration=130, norm2(solution): 69.4353
iteration=140, norm2(solution): 70.6833
iteration=150, norm2(solution): 71.666
iteration=160, norm2(solution): 72.4384
iteration=170, norm2(solution): 73.0446
iteration=180, norm2(solution): 73.5199
iteration=190, norm2(solution): 73.8924
iteration=200, norm2(solution): 74.1839
iteration=210, norm2(solution): 74.4121
iteration=220, norm2(solution): 74.5906
iteration=230, norm2(solution): 74.7302
iteration=240, norm2(solution): 74.8393
iteration=250, norm2(solution): 74.9246
iteration=260, norm2(solution): 74.9913
iteration=270, norm2(solution): 75.0434
iteration=280, norm2(solution): 75.0841
iteration=290, norm2(solution): 75.1159
iteration=300, norm2(solution): 75.1408
iteration=310, norm2(solution): 75.1602
iteration=320, norm2(solution): 75.1754
iteration=330, norm2(solution): 75.1872
iteration=340, norm2(solution): 75.1965
iteration=350, norm2(solution): 75.2037
iteration=360, norm2(solution): 75.2094
iteration=370, norm2(solution): 75.2138
iteration=380, norm2(solution): 75.2173
iteration=390, norm2(solution): 75.22
iteration=400, norm2(solution): 75.2221
iteration=410, norm2(solution): 75.2237
iteration=420, norm2(solution): 75.225
iteration=430, norm2(solution): 75.226
iteration=440, norm2(solution): 75.2268
iteration=450, norm2(solution): 75.2274
iteration=460, norm2(solution): 75.2279
iteration=470, norm2(solution): 75.2282
iteration=480, norm2(solution): 75.2285
iteration=490, norm2(solution): 75.2288
iteration=500, norm2(solution): 75.2289
iteration=510, norm2(solution): 75.2291
iteration=520, norm2(solution): 75.2292
iteration=530, norm2(solution): 75.2293
iteration=540, norm2(solution): 75.2293
iteration=550, norm2(solution): 75.2294
iteration=560, norm2(solution): 75.2294
iteration=570, norm2(solution): 75.2295
iteration=580, norm2(solution): 75.2295
iteration=590, norm2(solution): 75.2295
iteration=600, norm2(solution): 75.2295
iteration=610, norm2(solution): 75.2295
iteration=620, norm2(solution): 75.2295
iteration=630, norm2(solution): 75.2296
iteration=640, norm2(solution): 75.2296
iteration=650, norm2(solution): 75.2296
iteration=660, norm2(solution): 75.2296
iteration=670, norm2(solution): 75.2296
iteration=680, norm2(solution): 75.2296
iteration=690, norm2(solution): 75.2296
iteration=700, norm2(solution): 75.2296
iteration=710, norm2(solution): 75.2296
iteration=720, norm2(solution): 75.2296
iteration=730, norm2(solution): 75.2296
iteration=740, norm2(solution): 75.2296
iteration=750, norm2(solution): 75.2296
iteration=760, norm2(solution): 75.2296
iteration=770, norm2(solution): 75.2296
iteration=780, norm2(solution): 75.2296
iteration=790, norm2(solution): 75.2296
iteration=800, norm2(solution): 75.2296
iteration=810, norm2(solution): 75.2296
iteration=820, norm2(solution): 75.2296
iteration=830, norm2(solution): 75.2296
iteration=840, norm2(solution): 75.2296
iteration=850, norm2(solution): 75.2296
iteration=860, norm2(solution): 75.2296
iteration=870, norm2(solution): 75.2296
iteration=880, norm2(solution): 75.2296
iteration=890, norm2(solution): 75.2296
iteration=900, norm2(solution): 75.2296
iteration=910, norm2(solution): 75.2296
iteration=920, norm2(solution): 75.2296
iteration=930, norm2(solution): 75.2296
iteration=940, norm2(solution): 75.2296
iteration=950, norm2(solution): 75.2296
iteration=960, norm2(solution): 75.2296
iteration=970, norm2(solution): 75.2296
iteration=980, norm2(solution): 75.2296
iteration=990, norm2(solution): 75.2296
etime_solver:  348.014038 [msec]  (1000 iterations)
etime_norm2:       14.713009 [msec]   (100 times)
etime_allreduce:   12.660729 [msec]   (100 times)
hop:      total  316.720743 [msec]
           bulk  38.603756 [msec]
       boundary  1.035640 [msec]
           pack  0.798240 [msec]
    communicate  300.134198 [msec]
      comm. overlap  38.817036 [msec]
  comm. non-overlap  261.317162 [msec]
 initiate recv   0.000000 [msec]
     send wait   12.316835 [msec]
time resolution: 1e-06 msec.
done: utofu double buffer
iteration=1000, relative diff2: 2.67619e-22
norm2 of the solution=   7.522958187230014e+01

factor for extra buffer: 2048
initializing mult_utofu_double_buf: Px, Py = 48, 4; NNx, NNy = 2880, 240
size_x size_y: 122880  122880
 dir=0, tni_id=1
 dir=1, tni_id=4
 dir=2, tni_id=3
 dir=3, tni_id=5
init: 1.537821 [msec]
---------------------------------------------
   solving with utofu double buffer
---------------------------------------------
Nx=60, Ny=60, n_iter=1000
rankmap_lib: calling get_tni_list for dim=2, flag=2
iteration=0, norm2(solution): 0.0594884
iteration=10, norm2(solution): 4.31518
iteration=20, norm2(solution): 12.3919
iteration=30, norm2(solution): 21.6013
iteration=40, norm2(solution): 30.5652
iteration=50, norm2(solution): 38.6477
iteration=60, norm2(solution): 45.6206
iteration=70, norm2(solution): 51.4699
iteration=80, norm2(solution): 56.2847
iteration=90, norm2(solution): 60.1956
iteration=100, norm2(solution): 63.3422
iteration=110, norm2(solution): 65.8561
iteration=120, norm2(solution): 67.8538
iteration=130, norm2(solution): 69.4353
iteration=140, norm2(solution): 70.6833
iteration=150, norm2(solution): 71.666
iteration=160, norm2(solution): 72.4384
iteration=170, norm2(solution): 73.0446
iteration=180, norm2(solution): 73.5199
iteration=190, norm2(solution): 73.8924
iteration=200, norm2(solution): 74.1839
iteration=210, norm2(solution): 74.4121
iteration=220, norm2(solution): 74.5906
iteration=230, norm2(solution): 74.7302
iteration=240, norm2(solution): 74.8393
iteration=250, norm2(solution): 74.9246
iteration=260, norm2(solution): 74.9913
iteration=270, norm2(solution): 75.0434
iteration=280, norm2(solution): 75.0841
iteration=290, norm2(solution): 75.1159
iteration=300, norm2(solution): 75.1408
iteration=310, norm2(solution): 75.1602
iteration=320, norm2(solution): 75.1754
iteration=330, norm2(solution): 75.1872
iteration=340, norm2(solution): 75.1965
iteration=350, norm2(solution): 75.2037
iteration=360, norm2(solution): 75.2094
iteration=370, norm2(solution): 75.2138
iteration=380, norm2(solution): 75.2173
iteration=390, norm2(solution): 75.22
iteration=400, norm2(solution): 75.2221
iteration=410, norm2(solution): 75.2237
iteration=420, norm2(solution): 75.225
iteration=430, norm2(solution): 75.226
iteration=440, norm2(solution): 75.2268
iteration=450, norm2(solution): 75.2274
iteration=460, norm2(solution): 75.2279
iteration=470, norm2(solution): 75.2282
iteration=480, norm2(solution): 75.2285
iteration=490, norm2(solution): 75.2288
iteration=500, norm2(solution): 75.2289
iteration=510, norm2(solution): 75.2291
iteration=520, norm2(solution): 75.2292
iteration=530, norm2(solution): 75.2293
iteration=540, norm2(solution): 75.2293
iteration=550, norm2(solution): 75.2294
iteration=560, norm2(solution): 75.2294
iteration=570, norm2(solution): 75.2295
iteration=580, norm2(solution): 75.2295
iteration=590, norm2(solution): 75.2295
iteration=600, norm2(solution): 75.2295
iteration=610, norm2(solution): 75.2295
iteration=620, norm2(solution): 75.2295
iteration=630, norm2(solution): 75.2296
iteration=640, norm2(solution): 75.2296
iteration=650, norm2(solution): 75.2296
iteration=660, norm2(solution): 75.2296
iteration=670, norm2(solution): 75.2296
iteration=680, norm2(solution): 75.2296
iteration=690, norm2(solution): 75.2296
iteration=700, norm2(solution): 75.2296
iteration=710, norm2(solution): 75.2296
iteration=720, norm2(solution): 75.2296
iteration=730, norm2(solution): 75.2296
iteration=740, norm2(solution): 75.2296
iteration=750, norm2(solution): 75.2296
iteration=760, norm2(solution): 75.2296
iteration=770, norm2(solution): 75.2296
iteration=780, norm2(solution): 75.2296
iteration=790, norm2(solution): 75.2296
iteration=800, norm2(solution): 75.2296
iteration=810, norm2(solution): 75.2296
iteration=820, norm2(solution): 75.2296
iteration=830, norm2(solution): 75.2296
iteration=840, norm2(solution): 75.2296
iteration=850, norm2(solution): 75.2296
iteration=860, norm2(solution): 75.2296
iteration=870, norm2(solution): 75.2296
iteration=880, norm2(solution): 75.2296
iteration=890, norm2(solution): 75.2296
iteration=900, norm2(solution): 75.2296
iteration=910, norm2(solution): 75.2296
iteration=920, norm2(solution): 75.2296
iteration=930, norm2(solution): 75.2296
iteration=940, norm2(solution): 75.2296
iteration=950, norm2(solution): 75.2296
iteration=960, norm2(solution): 75.2296
iteration=970, norm2(solution): 75.2296
iteration=980, norm2(solution): 75.2296
iteration=990, norm2(solution): 75.2296
etime_solver:  665.898062 [msec]  (1000 iterations)
etime_norm2:       20.437067 [msec]   (100 times)
etime_allreduce:   18.383332 [msec]   (100 times)
hop:      total  629.237979 [msec]
           bulk  38.239099 [msec]
       boundary  1.030271 [msec]
           pack  0.790820 [msec]
    communicate  608.176959 [msec]
      comm. overlap  38.443789 [msec]
  comm. non-overlap  569.733170 [msec]
 initiate recv   0.000000 [msec]
     send wait   16.780148 [msec]
time resolution: 1e-06 msec.
done: utofu double buffer
iteration=1000, relative diff2: 2.67619e-22
norm2 of the solution=   7.522958187230014e+01

factor for extra buffer: 4096
initializing mult_utofu_double_buf: Px, Py = 48, 4; NNx, NNy = 2880, 240
size_x size_y: 245760  245760
 dir=0, tni_id=1
 dir=1, tni_id=4
 dir=2, tni_id=3
 dir=3, tni_id=5
init: 2.581281 [msec]
---------------------------------------------
   solving with utofu double buffer
---------------------------------------------
Nx=60, Ny=60, n_iter=1000
rankmap_lib: calling get_tni_list for dim=2, flag=2
iteration=0, norm2(solution): 0.0594884
iteration=10, norm2(solution): 4.31518
iteration=20, norm2(solution): 12.3919
iteration=30, norm2(solution): 21.6013
iteration=40, norm2(solution): 30.5652
iteration=50, norm2(solution): 38.6477
iteration=60, norm2(solution): 45.6206
iteration=70, norm2(solution): 51.4699
iteration=80, norm2(solution): 56.2847
iteration=90, norm2(solution): 60.1956
iteration=100, norm2(solution): 63.3422
iteration=110, norm2(solution): 65.8561
iteration=120, norm2(solution): 67.8538
iteration=130, norm2(solution): 69.4353
iteration=140, norm2(solution): 70.6833
iteration=150, norm2(solution): 71.666
iteration=160, norm2(solution): 72.4384
iteration=170, norm2(solution): 73.0446
iteration=180, norm2(solution): 73.5199
iteration=190, norm2(solution): 73.8924
iteration=200, norm2(solution): 74.1839
iteration=210, norm2(solution): 74.4121
iteration=220, norm2(solution): 74.5906
iteration=230, norm2(solution): 74.7302
iteration=240, norm2(solution): 74.8393
iteration=250, norm2(solution): 74.9246
iteration=260, norm2(solution): 74.9913
iteration=270, norm2(solution): 75.0434
iteration=280, norm2(solution): 75.0841
iteration=290, norm2(solution): 75.1159
iteration=300, norm2(solution): 75.1408
iteration=310, norm2(solution): 75.1602
iteration=320, norm2(solution): 75.1754
iteration=330, norm2(solution): 75.1872
iteration=340, norm2(solution): 75.1965
iteration=350, norm2(solution): 75.2037
iteration=360, norm2(solution): 75.2094
iteration=370, norm2(solution): 75.2138
iteration=380, norm2(solution): 75.2173
iteration=390, norm2(solution): 75.22
iteration=400, norm2(solution): 75.2221
iteration=410, norm2(solution): 75.2237
iteration=420, norm2(solution): 75.225
iteration=430, norm2(solution): 75.226
iteration=440, norm2(solution): 75.2268
iteration=450, norm2(solution): 75.2274
iteration=460, norm2(solution): 75.2279
iteration=470, norm2(solution): 75.2282
iteration=480, norm2(solution): 75.2285
iteration=490, norm2(solution): 75.2288
iteration=500, norm2(solution): 75.2289
iteration=510, norm2(solution): 75.2291
iteration=520, norm2(solution): 75.2292
iteration=530, norm2(solution): 75.2293
iteration=540, norm2(solution): 75.2293
iteration=550, norm2(solution): 75.2294
iteration=560, norm2(solution): 75.2294
iteration=570, norm2(solution): 75.2295
iteration=580, norm2(solution): 75.2295
iteration=590, norm2(solution): 75.2295
iteration=600, norm2(solution): 75.2295
iteration=610, norm2(solution): 75.2295
iteration=620, norm2(solution): 75.2295
iteration=630, norm2(solution): 75.2296
iteration=640, norm2(solution): 75.2296
iteration=650, norm2(solution): 75.2296
iteration=660, norm2(solution): 75.2296
iteration=670, norm2(solution): 75.2296
iteration=680, norm2(solution): 75.2296
iteration=690, norm2(solution): 75.2296
iteration=700, norm2(solution): 75.2296
iteration=710, norm2(solution): 75.2296
iteration=720, norm2(solution): 75.2296
iteration=730, norm2(solution): 75.2296
iteration=740, norm2(solution): 75.2296
iteration=750, norm2(solution): 75.2296
iteration=760, norm2(solution): 75.2296
iteration=770, norm2(solution): 75.2296
iteration=780, norm2(solution): 75.2296
iteration=790, norm2(solution): 75.2296
iteration=800, norm2(solution): 75.2296
iteration=810, norm2(solution): 75.2296
iteration=820, norm2(solution): 75.2296
iteration=830, norm2(solution): 75.2296
iteration=840, norm2(solution): 75.2296
iteration=850, norm2(solution): 75.2296
iteration=860, norm2(solution): 75.2296
iteration=870, norm2(solution): 75.2296
iteration=880, norm2(solution): 75.2296
iteration=890, norm2(solution): 75.2296
iteration=900, norm2(solution): 75.2296
iteration=910, norm2(solution): 75.2296
iteration=920, norm2(solution): 75.2296
iteration=930, norm2(solution): 75.2296
iteration=940, norm2(solution): 75.2296
iteration=950, norm2(solution): 75.2296
iteration=960, norm2(solution): 75.2296
iteration=970, norm2(solution): 75.2296
iteration=980, norm2(solution): 75.2296
iteration=990, norm2(solution): 75.2296
etime_solver:  1321.252210 [msec]  (1000 iterations)
etime_norm2:       51.733366 [msec]   (100 times)
etime_allreduce:   49.669716 [msec]   (100 times)
hop:      total  1253.017852 [msec]
           bulk  37.987667 [msec]
       boundary  1.047710 [msec]
           pack  0.792521 [msec]
    communicate  1227.191982 [msec]
      comm. overlap  38.197227 [msec]
  comm. non-overlap  1188.994755 [msec]
 initiate recv   0.000000 [msec]
     send wait   21.548069 [msec]
time resolution: 1e-06 msec.
done: utofu double buffer
iteration=1000, relative diff2: 2.67619e-22
norm2 of the solution=   7.522958187230014e+01

factor for extra buffer: 8192
initializing mult_utofu_double_buf: Px, Py = 48, 4; NNx, NNy = 2880, 240
size_x size_y: 491520  491520
 dir=0, tni_id=1
 dir=1, tni_id=4
 dir=2, tni_id=3
 dir=3, tni_id=5
init: 4.834563 [msec]
---------------------------------------------
   solving with utofu double buffer
---------------------------------------------
Nx=60, Ny=60, n_iter=1000
rankmap_lib: calling get_tni_list for dim=2, flag=2
iteration=0, norm2(solution): 0.0594884
iteration=10, norm2(solution): 4.31518
iteration=20, norm2(solution): 12.3919
iteration=30, norm2(solution): 21.6013
iteration=40, norm2(solution): 30.5652
iteration=50, norm2(solution): 38.6477
iteration=60, norm2(solution): 45.6206
iteration=70, norm2(solution): 51.4699
iteration=80, norm2(solution): 56.2847
iteration=90, norm2(solution): 60.1956
iteration=100, norm2(solution): 63.3422
iteration=110, norm2(solution): 65.8561
iteration=120, norm2(solution): 67.8538
iteration=130, norm2(solution): 69.4353
iteration=140, norm2(solution): 70.6833
iteration=150, norm2(solution): 71.666
iteration=160, norm2(solution): 72.4384
iteration=170, norm2(solution): 73.0446
iteration=180, norm2(solution): 73.5199
iteration=190, norm2(solution): 73.8924
iteration=200, norm2(solution): 74.1839
iteration=210, norm2(solution): 74.4121
iteration=220, norm2(solution): 74.5906
iteration=230, norm2(solution): 74.7302
iteration=240, norm2(solution): 74.8393
iteration=250, norm2(solution): 74.9246
iteration=260, norm2(solution): 74.9913
iteration=270, norm2(solution): 75.0434
iteration=280, norm2(solution): 75.0841
iteration=290, norm2(solution): 75.1159
iteration=300, norm2(solution): 75.1408
iteration=310, norm2(solution): 75.1602
iteration=320, norm2(solution): 75.1754
iteration=330, norm2(solution): 75.1872
iteration=340, norm2(solution): 75.1965
iteration=350, norm2(solution): 75.2037
iteration=360, norm2(solution): 75.2094
iteration=370, norm2(solution): 75.2138
iteration=380, norm2(solution): 75.2173
iteration=390, norm2(solution): 75.22
iteration=400, norm2(solution): 75.2221
iteration=410, norm2(solution): 75.2237
iteration=420, norm2(solution): 75.225
iteration=430, norm2(solution): 75.226
iteration=440, norm2(solution): 75.2268
iteration=450, norm2(solution): 75.2274
iteration=460, norm2(solution): 75.2279
iteration=470, norm2(solution): 75.2282
iteration=480, norm2(solution): 75.2285
iteration=490, norm2(solution): 75.2288
iteration=500, norm2(solution): 75.2289
iteration=510, norm2(solution): 75.2291
iteration=520, norm2(solution): 75.2292
iteration=530, norm2(solution): 75.2293
iteration=540, norm2(solution): 75.2293
iteration=550, norm2(solution): 75.2294
iteration=560, norm2(solution): 75.2294
iteration=570, norm2(solution): 75.2295
iteration=580, norm2(solution): 75.2295
iteration=590, norm2(solution): 75.2295
iteration=600, norm2(solution): 75.2295
iteration=610, norm2(solution): 75.2295
iteration=620, norm2(solution): 75.2295
iteration=630, norm2(solution): 75.2296
iteration=640, norm2(solution): 75.2296
iteration=650, norm2(solution): 75.2296
iteration=660, norm2(solution): 75.2296
iteration=670, norm2(solution): 75.2296
iteration=680, norm2(solution): 75.2296
iteration=690, norm2(solution): 75.2296
iteration=700, norm2(solution): 75.2296
iteration=710, norm2(solution): 75.2296
iteration=720, norm2(solution): 75.2296
iteration=730, norm2(solution): 75.2296
iteration=740, norm2(solution): 75.2296
iteration=750, norm2(solution): 75.2296
iteration=760, norm2(solution): 75.2296
iteration=770, norm2(solution): 75.2296
iteration=780, norm2(solution): 75.2296
iteration=790, norm2(solution): 75.2296
iteration=800, norm2(solution): 75.2296
iteration=810, norm2(solution): 75.2296
iteration=820, norm2(solution): 75.2296
iteration=830, norm2(solution): 75.2296
iteration=840, norm2(solution): 75.2296
iteration=850, norm2(solution): 75.2296
iteration=860, norm2(solution): 75.2296
iteration=870, norm2(solution): 75.2296
iteration=880, norm2(solution): 75.2296
iteration=890, norm2(solution): 75.2296
iteration=900, norm2(solution): 75.2296
iteration=910, norm2(solution): 75.2296
iteration=920, norm2(solution): 75.2296
iteration=930, norm2(solution): 75.2296
iteration=940, norm2(solution): 75.2296
iteration=950, norm2(solution): 75.2296
iteration=960, norm2(solution): 75.2296
iteration=970, norm2(solution): 75.2296
iteration=980, norm2(solution): 75.2296
iteration=990, norm2(solution): 75.2296
etime_solver:  2701.207015 [msec]  (1000 iterations)
etime_norm2:       185.405920 [msec]   (100 times)
etime_allreduce:   183.347850 [msec]   (100 times)
hop:      total  2498.285397 [msec]
           bulk  37.929781 [msec]
       boundary  1.043362 [msec]
           pack  0.792450 [msec]
    communicate  2447.908885 [msec]
      comm. overlap  38.133711 [msec]
  comm. non-overlap  2409.775174 [msec]
 initiate recv   0.000000 [msec]
     send wait   46.097020 [msec]
time resolution: 1e-06 msec.
done: utofu double buffer
iteration=1000, relative diff2: 2.67619e-22
norm2 of the solution=   7.522958187230014e+01

total elapsed time:  5977.432921 [msec]
