NNx, NNy= 0, 0
Nx,  Ny = 60, 60
%% UTOFU interface for one sided communcation  (RDMA) is used.
sizeof(rdma_comlib_data) = 232, sizeof(int*) = 8
RDMA_NO_REMOTE_MRQ_POLLING is defined.
rankmap_lib_set_rankmap2d_size: given proc_size may be ignored.
tofu size: [A,B,C,X,Y,Z]=[2,3,2,2,2,1]
----- node coordinates -----
map for x:  TA  =   0  1  1  0  0  1  1  0  0  1  1  0  0  1  1  0  0  1  1  0  0  1  1  0
            TB  =   0  0  1  1  2  2  2  2  0  0  1  1  1  1  0  0  2  2  2  2  1  1  0  0
            TX  =   0  0  0  0  0  0  1  1  1  1  1  1  1  1  1  1  1  1  0  0  0  0  0  0
            TY  =   0  0  0  0  0  0  0  0  0  0  0  0  1  1  1  1  1  1  1  1  1  1  1  1
map for y:  TC  =   0  1
            TZ  =   0  0
inner node size: 2 2
----------------------------
using TNI_PATTERN 4
tni_list = 4 1 5 3: dim=2 flag=2
  rankmap_lib_set_rankmap2d: tni_list = 4 1 5 3: mapid=2
rdma_utofu_comlib: 2d rankmap, size = 48 x 4
Px, Py = 48, 4; NNx, NNy = 2880, 240
before set_field: Px, Py = 48, 4; NNx, NNy = 2880, 240
       np = 192, tofu_vol * 4 = 192
       dir: min  max  size origin
        0:  20   21    2   20
        1:  18   19    2   18
        2:   6    6    1    6
        3:   0    1    2    0
        4:   0    2    3    0
        5:   0    1    2    0
rankmap for eval2 (v2)
  coords_org: 20 18 6 0 0 0
  coords_size: 2 2 1 2 3 2
  coords_min: 20 18 6 0 0 0
  coords_max: 21 19 6 1 2 1
tofu size: [A,B,C,X,Y,Z]=[2,3,2,2,2,1]
  rankmap: rank=0 [20 18 6 0 0 0], dir=0: positive_ncoords = 20 18 6 0 0 0 (rank 1), nagative_ncoords = 20 19 6 0 0 0 (rank 17)
  rankmap: rank=0 [20 18 6 0 0 0], dir=1: positive_ncoords = 20 18 6 0 0 0 (rank 2), nagative_ncoords = 20 18 6 0 0 1 (rank 98)
set_field: n2 before normalizing=2.303859e+05
after set_field: Px, Py = 48, 4; NNx, NNy = 2880, 240
factor for extra buffer: 1
initializing mult_utofu_double_buf: Px, Py = 48, 4; NNx, NNy = 2880, 240
size_x size_y: 60  60
 dir=0, tni_id=4
 dir=1, tni_id=1
 dir=2, tni_id=5
 dir=3, tni_id=3
init: 0.110750 [msec]
---------------------------------------------
   solving with utofu double buffer
---------------------------------------------
Nx=60, Ny=60, n_iter=1000
rankmap_lib: calling get_tni_list for dim=2, flag=2
iteration=0, norm2(solution): 0.0594884
iteration=10, norm2(solution): 4.31518
iteration=20, norm2(solution): 12.3919
iteration=30, norm2(solution): 21.6013
iteration=40, norm2(solution): 30.5652
iteration=50, norm2(solution): 38.6477
iteration=60, norm2(solution): 45.6206
iteration=70, norm2(solution): 51.4699
iteration=80, norm2(solution): 56.2847
iteration=90, norm2(solution): 60.1956
iteration=100, norm2(solution): 63.3422
iteration=110, norm2(solution): 65.8561
iteration=120, norm2(solution): 67.8538
iteration=130, norm2(solution): 69.4353
iteration=140, norm2(solution): 70.6833
iteration=150, norm2(solution): 71.666
iteration=160, norm2(solution): 72.4384
iteration=170, norm2(solution): 73.0446
iteration=180, norm2(solution): 73.5199
iteration=190, norm2(solution): 73.8924
iteration=200, norm2(solution): 74.1839
iteration=210, norm2(solution): 74.4121
iteration=220, norm2(solution): 74.5906
iteration=230, norm2(solution): 74.7302
iteration=240, norm2(solution): 74.8393
iteration=250, norm2(solution): 74.9246
iteration=260, norm2(solution): 74.9913
iteration=270, norm2(solution): 75.0434
iteration=280, norm2(solution): 75.0841
iteration=290, norm2(solution): 75.1159
iteration=300, norm2(solution): 75.1408
iteration=310, norm2(solution): 75.1602
iteration=320, norm2(solution): 75.1754
iteration=330, norm2(solution): 75.1872
iteration=340, norm2(solution): 75.1965
iteration=350, norm2(solution): 75.2037
iteration=360, norm2(solution): 75.2094
iteration=370, norm2(solution): 75.2138
iteration=380, norm2(solution): 75.2173
iteration=390, norm2(solution): 75.22
iteration=400, norm2(solution): 75.2221
iteration=410, norm2(solution): 75.2237
iteration=420, norm2(solution): 75.225
iteration=430, norm2(solution): 75.226
iteration=440, norm2(solution): 75.2268
iteration=450, norm2(solution): 75.2274
iteration=460, norm2(solution): 75.2279
iteration=470, norm2(solution): 75.2282
iteration=480, norm2(solution): 75.2285
iteration=490, norm2(solution): 75.2288
iteration=500, norm2(solution): 75.2289
iteration=510, norm2(solution): 75.2291
iteration=520, norm2(solution): 75.2292
iteration=530, norm2(solution): 75.2293
iteration=540, norm2(solution): 75.2293
iteration=550, norm2(solution): 75.2294
iteration=560, norm2(solution): 75.2294
iteration=570, norm2(solution): 75.2295
iteration=580, norm2(solution): 75.2295
iteration=590, norm2(solution): 75.2295
iteration=600, norm2(solution): 75.2295
iteration=610, norm2(solution): 75.2295
iteration=620, norm2(solution): 75.2295
iteration=630, norm2(solution): 75.2296
iteration=640, norm2(solution): 75.2296
iteration=650, norm2(solution): 75.2296
iteration=660, norm2(solution): 75.2296
iteration=670, norm2(solution): 75.2296
iteration=680, norm2(solution): 75.2296
iteration=690, norm2(solution): 75.2296
iteration=700, norm2(solution): 75.2296
iteration=710, norm2(solution): 75.2296
iteration=720, norm2(solution): 75.2296
iteration=730, norm2(solution): 75.2296
iteration=740, norm2(solution): 75.2296
iteration=750, norm2(solution): 75.2296
iteration=760, norm2(solution): 75.2296
iteration=770, norm2(solution): 75.2296
iteration=780, norm2(solution): 75.2296
iteration=790, norm2(solution): 75.2296
iteration=800, norm2(solution): 75.2296
iteration=810, norm2(solution): 75.2296
iteration=820, norm2(solution): 75.2296
iteration=830, norm2(solution): 75.2296
iteration=840, norm2(solution): 75.2296
iteration=850, norm2(solution): 75.2296
iteration=860, norm2(solution): 75.2296
iteration=870, norm2(solution): 75.2296
iteration=880, norm2(solution): 75.2296
iteration=890, norm2(solution): 75.2296
iteration=900, norm2(solution): 75.2296
iteration=910, norm2(solution): 75.2296
iteration=920, norm2(solution): 75.2296
iteration=930, norm2(solution): 75.2296
iteration=940, norm2(solution): 75.2296
iteration=950, norm2(solution): 75.2296
iteration=960, norm2(solution): 75.2296
iteration=970, norm2(solution): 75.2296
iteration=980, norm2(solution): 75.2296
iteration=990, norm2(solution): 75.2296
etime_solver:  65.860462 [msec]  (1000 iterations)
etime_norm2:       8.048493 [msec]   (100 times)
etime_allreduce:   6.186992 [msec]   (100 times)
hop:      total  43.145928 [msec]
           bulk  34.474497 [msec]
       boundary  0.977071 [msec]
           pack  0.764450 [msec]
    communicate  37.186170 [msec]
      comm. overlap  34.658618 [msec]
  comm. non-overlap  2.527552 [msec]
 initiate recv   0.000000 [msec]
     send wait   1.966491 [msec]
time resolution: 1e-06 msec.
done: utofu double buffer
iteration=1000, relative diff2: 2.67619e-22
norm2 of the solution=   7.522958187230014e+01

factor for extra buffer: 2
initializing mult_utofu_double_buf: Px, Py = 48, 4; NNx, NNy = 2880, 240
size_x size_y: 120  120
 dir=0, tni_id=4
 dir=1, tni_id=1
 dir=2, tni_id=5
 dir=3, tni_id=3
init: 0.132621 [msec]
---------------------------------------------
   solving with utofu double buffer
---------------------------------------------
Nx=60, Ny=60, n_iter=1000
rankmap_lib: calling get_tni_list for dim=2, flag=2
iteration=0, norm2(solution): 0.0594884
iteration=10, norm2(solution): 4.31518
iteration=20, norm2(solution): 12.3919
iteration=30, norm2(solution): 21.6013
iteration=40, norm2(solution): 30.5652
iteration=50, norm2(solution): 38.6477
iteration=60, norm2(solution): 45.6206
iteration=70, norm2(solution): 51.4699
iteration=80, norm2(solution): 56.2847
iteration=90, norm2(solution): 60.1956
iteration=100, norm2(solution): 63.3422
iteration=110, norm2(solution): 65.8561
iteration=120, norm2(solution): 67.8538
iteration=130, norm2(solution): 69.4353
iteration=140, norm2(solution): 70.6833
iteration=150, norm2(solution): 71.666
iteration=160, norm2(solution): 72.4384
iteration=170, norm2(solution): 73.0446
iteration=180, norm2(solution): 73.5199
iteration=190, norm2(solution): 73.8924
iteration=200, norm2(solution): 74.1839
iteration=210, norm2(solution): 74.4121
iteration=220, norm2(solution): 74.5906
iteration=230, norm2(solution): 74.7302
iteration=240, norm2(solution): 74.8393
iteration=250, norm2(solution): 74.9246
iteration=260, norm2(solution): 74.9913
iteration=270, norm2(solution): 75.0434
iteration=280, norm2(solution): 75.0841
iteration=290, norm2(solution): 75.1159
iteration=300, norm2(solution): 75.1408
iteration=310, norm2(solution): 75.1602
iteration=320, norm2(solution): 75.1754
iteration=330, norm2(solution): 75.1872
iteration=340, norm2(solution): 75.1965
iteration=350, norm2(solution): 75.2037
iteration=360, norm2(solution): 75.2094
iteration=370, norm2(solution): 75.2138
iteration=380, norm2(solution): 75.2173
iteration=390, norm2(solution): 75.22
iteration=400, norm2(solution): 75.2221
iteration=410, norm2(solution): 75.2237
iteration=420, norm2(solution): 75.225
iteration=430, norm2(solution): 75.226
iteration=440, norm2(solution): 75.2268
iteration=450, norm2(solution): 75.2274
iteration=460, norm2(solution): 75.2279
iteration=470, norm2(solution): 75.2282
iteration=480, norm2(solution): 75.2285
iteration=490, norm2(solution): 75.2288
iteration=500, norm2(solution): 75.2289
iteration=510, norm2(solution): 75.2291
iteration=520, norm2(solution): 75.2292
iteration=530, norm2(solution): 75.2293
iteration=540, norm2(solution): 75.2293
iteration=550, norm2(solution): 75.2294
iteration=560, norm2(solution): 75.2294
iteration=570, norm2(solution): 75.2295
iteration=580, norm2(solution): 75.2295
iteration=590, norm2(solution): 75.2295
iteration=600, norm2(solution): 75.2295
iteration=610, norm2(solution): 75.2295
iteration=620, norm2(solution): 75.2295
iteration=630, norm2(solution): 75.2296
iteration=640, norm2(solution): 75.2296
iteration=650, norm2(solution): 75.2296
iteration=660, norm2(solution): 75.2296
iteration=670, norm2(solution): 75.2296
iteration=680, norm2(solution): 75.2296
iteration=690, norm2(solution): 75.2296
iteration=700, norm2(solution): 75.2296
iteration=710, norm2(solution): 75.2296
iteration=720, norm2(solution): 75.2296
iteration=730, norm2(solution): 75.2296
iteration=740, norm2(solution): 75.2296
iteration=750, norm2(solution): 75.2296
iteration=760, norm2(solution): 75.2296
iteration=770, norm2(solution): 75.2296
iteration=780, norm2(solution): 75.2296
iteration=790, norm2(solution): 75.2296
iteration=800, norm2(solution): 75.2296
iteration=810, norm2(solution): 75.2296
iteration=820, norm2(solution): 75.2296
iteration=830, norm2(solution): 75.2296
iteration=840, norm2(solution): 75.2296
iteration=850, norm2(solution): 75.2296
iteration=860, norm2(solution): 75.2296
iteration=870, norm2(solution): 75.2296
iteration=880, norm2(solution): 75.2296
iteration=890, norm2(solution): 75.2296
iteration=900, norm2(solution): 75.2296
iteration=910, norm2(solution): 75.2296
iteration=920, norm2(solution): 75.2296
iteration=930, norm2(solution): 75.2296
iteration=940, norm2(solution): 75.2296
iteration=950, norm2(solution): 75.2296
iteration=960, norm2(solution): 75.2296
iteration=970, norm2(solution): 75.2296
iteration=980, norm2(solution): 75.2296
iteration=990, norm2(solution): 75.2296
etime_solver:  65.407931 [msec]  (1000 iterations)
etime_norm2:       8.157087 [msec]   (100 times)
etime_allreduce:   6.304284 [msec]   (100 times)
hop:      total  42.522816 [msec]
           bulk  34.521679 [msec]
       boundary  0.990070 [msec]
           pack  0.709813 [msec]
    communicate  36.670967 [msec]
      comm. overlap  34.705639 [msec]
  comm. non-overlap  1.965328 [msec]
 initiate recv   0.000000 [msec]
     send wait   1.899643 [msec]
time resolution: 1e-06 msec.
done: utofu double buffer
iteration=1000, relative diff2: 2.67619e-22
norm2 of the solution=   7.522958187230014e+01

factor for extra buffer: 4
initializing mult_utofu_double_buf: Px, Py = 48, 4; NNx, NNy = 2880, 240
size_x size_y: 240  240
 dir=0, tni_id=4
 dir=1, tni_id=1
 dir=2, tni_id=5
 dir=3, tni_id=3
init: 0.182001 [msec]
---------------------------------------------
   solving with utofu double buffer
---------------------------------------------
Nx=60, Ny=60, n_iter=1000
rankmap_lib: calling get_tni_list for dim=2, flag=2
iteration=0, norm2(solution): 0.0594884
iteration=10, norm2(solution): 4.31518
iteration=20, norm2(solution): 12.3919
iteration=30, norm2(solution): 21.6013
iteration=40, norm2(solution): 30.5652
iteration=50, norm2(solution): 38.6477
iteration=60, norm2(solution): 45.6206
iteration=70, norm2(solution): 51.4699
iteration=80, norm2(solution): 56.2847
iteration=90, norm2(solution): 60.1956
iteration=100, norm2(solution): 63.3422
iteration=110, norm2(solution): 65.8561
iteration=120, norm2(solution): 67.8538
iteration=130, norm2(solution): 69.4353
iteration=140, norm2(solution): 70.6833
iteration=150, norm2(solution): 71.666
iteration=160, norm2(solution): 72.4384
iteration=170, norm2(solution): 73.0446
iteration=180, norm2(solution): 73.5199
iteration=190, norm2(solution): 73.8924
iteration=200, norm2(solution): 74.1839
iteration=210, norm2(solution): 74.4121
iteration=220, norm2(solution): 74.5906
iteration=230, norm2(solution): 74.7302
iteration=240, norm2(solution): 74.8393
iteration=250, norm2(solution): 74.9246
iteration=260, norm2(solution): 74.9913
iteration=270, norm2(solution): 75.0434
iteration=280, norm2(solution): 75.0841
iteration=290, norm2(solution): 75.1159
iteration=300, norm2(solution): 75.1408
iteration=310, norm2(solution): 75.1602
iteration=320, norm2(solution): 75.1754
iteration=330, norm2(solution): 75.1872
iteration=340, norm2(solution): 75.1965
iteration=350, norm2(solution): 75.2037
iteration=360, norm2(solution): 75.2094
iteration=370, norm2(solution): 75.2138
iteration=380, norm2(solution): 75.2173
iteration=390, norm2(solution): 75.22
iteration=400, norm2(solution): 75.2221
iteration=410, norm2(solution): 75.2237
iteration=420, norm2(solution): 75.225
iteration=430, norm2(solution): 75.226
iteration=440, norm2(solution): 75.2268
iteration=450, norm2(solution): 75.2274
iteration=460, norm2(solution): 75.2279
iteration=470, norm2(solution): 75.2282
iteration=480, norm2(solution): 75.2285
iteration=490, norm2(solution): 75.2288
iteration=500, norm2(solution): 75.2289
iteration=510, norm2(solution): 75.2291
iteration=520, norm2(solution): 75.2292
iteration=530, norm2(solution): 75.2293
iteration=540, norm2(solution): 75.2293
iteration=550, norm2(solution): 75.2294
iteration=560, norm2(solution): 75.2294
iteration=570, norm2(solution): 75.2295
iteration=580, norm2(solution): 75.2295
iteration=590, norm2(solution): 75.2295
iteration=600, norm2(solution): 75.2295
iteration=610, norm2(solution): 75.2295
iteration=620, norm2(solution): 75.2295
iteration=630, norm2(solution): 75.2296
iteration=640, norm2(solution): 75.2296
iteration=650, norm2(solution): 75.2296
iteration=660, norm2(solution): 75.2296
iteration=670, norm2(solution): 75.2296
iteration=680, norm2(solution): 75.2296
iteration=690, norm2(solution): 75.2296
iteration=700, norm2(solution): 75.2296
iteration=710, norm2(solution): 75.2296
iteration=720, norm2(solution): 75.2296
iteration=730, norm2(solution): 75.2296
iteration=740, norm2(solution): 75.2296
iteration=750, norm2(solution): 75.2296
iteration=760, norm2(solution): 75.2296
iteration=770, norm2(solution): 75.2296
iteration=780, norm2(solution): 75.2296
iteration=790, norm2(solution): 75.2296
iteration=800, norm2(solution): 75.2296
iteration=810, norm2(solution): 75.2296
iteration=820, norm2(solution): 75.2296
iteration=830, norm2(solution): 75.2296
iteration=840, norm2(solution): 75.2296
iteration=850, norm2(solution): 75.2296
iteration=860, norm2(solution): 75.2296
iteration=870, norm2(solution): 75.2296
iteration=880, norm2(solution): 75.2296
iteration=890, norm2(solution): 75.2296
iteration=900, norm2(solution): 75.2296
iteration=910, norm2(solution): 75.2296
iteration=920, norm2(solution): 75.2296
iteration=930, norm2(solution): 75.2296
iteration=940, norm2(solution): 75.2296
iteration=950, norm2(solution): 75.2296
iteration=960, norm2(solution): 75.2296
iteration=970, norm2(solution): 75.2296
iteration=980, norm2(solution): 75.2296
iteration=990, norm2(solution): 75.2296
etime_solver:  65.731732 [msec]  (1000 iterations)
etime_norm2:       8.360365 [msec]   (100 times)
etime_allreduce:   6.497635 [msec]   (100 times)
hop:      total  42.730023 [msec]
           bulk  34.540114 [msec]
       boundary  0.987150 [msec]
           pack  0.742382 [msec]
    communicate  36.853397 [msec]
      comm. overlap  34.723544 [msec]
  comm. non-overlap  2.129853 [msec]
 initiate recv   0.000000 [msec]
     send wait   1.893871 [msec]
time resolution: 1e-06 msec.
done: utofu double buffer
iteration=1000, relative diff2: 2.67619e-22
norm2 of the solution=   7.522958187230014e+01

factor for extra buffer: 8
initializing mult_utofu_double_buf: Px, Py = 48, 4; NNx, NNy = 2880, 240
size_x size_y: 480  480
 dir=0, tni_id=4
 dir=1, tni_id=1
 dir=2, tni_id=5
 dir=3, tni_id=3
init: 0.120680 [msec]
---------------------------------------------
   solving with utofu double buffer
---------------------------------------------
Nx=60, Ny=60, n_iter=1000
rankmap_lib: calling get_tni_list for dim=2, flag=2
iteration=0, norm2(solution): 0.0594884
iteration=10, norm2(solution): 4.31518
iteration=20, norm2(solution): 12.3919
iteration=30, norm2(solution): 21.6013
iteration=40, norm2(solution): 30.5652
iteration=50, norm2(solution): 38.6477
iteration=60, norm2(solution): 45.6206
iteration=70, norm2(solution): 51.4699
iteration=80, norm2(solution): 56.2847
iteration=90, norm2(solution): 60.1956
iteration=100, norm2(solution): 63.3422
iteration=110, norm2(solution): 65.8561
iteration=120, norm2(solution): 67.8538
iteration=130, norm2(solution): 69.4353
iteration=140, norm2(solution): 70.6833
iteration=150, norm2(solution): 71.666
iteration=160, norm2(solution): 72.4384
iteration=170, norm2(solution): 73.0446
iteration=180, norm2(solution): 73.5199
iteration=190, norm2(solution): 73.8924
iteration=200, norm2(solution): 74.1839
iteration=210, norm2(solution): 74.4121
iteration=220, norm2(solution): 74.5906
iteration=230, norm2(solution): 74.7302
iteration=240, norm2(solution): 74.8393
iteration=250, norm2(solution): 74.9246
iteration=260, norm2(solution): 74.9913
iteration=270, norm2(solution): 75.0434
iteration=280, norm2(solution): 75.0841
iteration=290, norm2(solution): 75.1159
iteration=300, norm2(solution): 75.1408
iteration=310, norm2(solution): 75.1602
iteration=320, norm2(solution): 75.1754
iteration=330, norm2(solution): 75.1872
iteration=340, norm2(solution): 75.1965
iteration=350, norm2(solution): 75.2037
iteration=360, norm2(solution): 75.2094
iteration=370, norm2(solution): 75.2138
iteration=380, norm2(solution): 75.2173
iteration=390, norm2(solution): 75.22
iteration=400, norm2(solution): 75.2221
iteration=410, norm2(solution): 75.2237
iteration=420, norm2(solution): 75.225
iteration=430, norm2(solution): 75.226
iteration=440, norm2(solution): 75.2268
iteration=450, norm2(solution): 75.2274
iteration=460, norm2(solution): 75.2279
iteration=470, norm2(solution): 75.2282
iteration=480, norm2(solution): 75.2285
iteration=490, norm2(solution): 75.2288
iteration=500, norm2(solution): 75.2289
iteration=510, norm2(solution): 75.2291
iteration=520, norm2(solution): 75.2292
iteration=530, norm2(solution): 75.2293
iteration=540, norm2(solution): 75.2293
iteration=550, norm2(solution): 75.2294
iteration=560, norm2(solution): 75.2294
iteration=570, norm2(solution): 75.2295
iteration=580, norm2(solution): 75.2295
iteration=590, norm2(solution): 75.2295
iteration=600, norm2(solution): 75.2295
iteration=610, norm2(solution): 75.2295
iteration=620, norm2(solution): 75.2295
iteration=630, norm2(solution): 75.2296
iteration=640, norm2(solution): 75.2296
iteration=650, norm2(solution): 75.2296
iteration=660, norm2(solution): 75.2296
iteration=670, norm2(solution): 75.2296
iteration=680, norm2(solution): 75.2296
iteration=690, norm2(solution): 75.2296
iteration=700, norm2(solution): 75.2296
iteration=710, norm2(solution): 75.2296
iteration=720, norm2(solution): 75.2296
iteration=730, norm2(solution): 75.2296
iteration=740, norm2(solution): 75.2296
iteration=750, norm2(solution): 75.2296
iteration=760, norm2(solution): 75.2296
iteration=770, norm2(solution): 75.2296
iteration=780, norm2(solution): 75.2296
iteration=790, norm2(solution): 75.2296
iteration=800, norm2(solution): 75.2296
iteration=810, norm2(solution): 75.2296
iteration=820, norm2(solution): 75.2296
iteration=830, norm2(solution): 75.2296
iteration=840, norm2(solution): 75.2296
iteration=850, norm2(solution): 75.2296
iteration=860, norm2(solution): 75.2296
iteration=870, norm2(solution): 75.2296
iteration=880, norm2(solution): 75.2296
iteration=890, norm2(solution): 75.2296
iteration=900, norm2(solution): 75.2296
iteration=910, norm2(solution): 75.2296
iteration=920, norm2(solution): 75.2296
iteration=930, norm2(solution): 75.2296
iteration=940, norm2(solution): 75.2296
iteration=950, norm2(solution): 75.2296
iteration=960, norm2(solution): 75.2296
iteration=970, norm2(solution): 75.2296
iteration=980, norm2(solution): 75.2296
iteration=990, norm2(solution): 75.2296
etime_solver:  65.690351 [msec]  (1000 iterations)
etime_norm2:       8.025435 [msec]   (100 times)
etime_allreduce:   6.168752 [msec]   (100 times)
hop:      total  42.921283 [msec]
           bulk  34.465490 [msec]
       boundary  0.976313 [msec]
           pack  0.691082 [msec]
    communicate  37.084799 [msec]
      comm. overlap  34.649580 [msec]
  comm. non-overlap  2.435219 [msec]
 initiate recv   0.000000 [msec]
     send wait   1.907875 [msec]
time resolution: 1e-06 msec.
done: utofu double buffer
iteration=1000, relative diff2: 2.67619e-22
norm2 of the solution=   7.522958187230014e+01

factor for extra buffer: 16
initializing mult_utofu_double_buf: Px, Py = 48, 4; NNx, NNy = 2880, 240
size_x size_y: 960  960
 dir=0, tni_id=4
 dir=1, tni_id=1
 dir=2, tni_id=5
 dir=3, tni_id=3
init: 0.687001 [msec]
---------------------------------------------
   solving with utofu double buffer
---------------------------------------------
Nx=60, Ny=60, n_iter=1000
rankmap_lib: calling get_tni_list for dim=2, flag=2
iteration=0, norm2(solution): 0.0594884
iteration=10, norm2(solution): 4.31518
iteration=20, norm2(solution): 12.3919
iteration=30, norm2(solution): 21.6013
iteration=40, norm2(solution): 30.5652
iteration=50, norm2(solution): 38.6477
iteration=60, norm2(solution): 45.6206
iteration=70, norm2(solution): 51.4699
iteration=80, norm2(solution): 56.2847
iteration=90, norm2(solution): 60.1956
iteration=100, norm2(solution): 63.3422
iteration=110, norm2(solution): 65.8561
iteration=120, norm2(solution): 67.8538
iteration=130, norm2(solution): 69.4353
iteration=140, norm2(solution): 70.6833
iteration=150, norm2(solution): 71.666
iteration=160, norm2(solution): 72.4384
iteration=170, norm2(solution): 73.0446
iteration=180, norm2(solution): 73.5199
iteration=190, norm2(solution): 73.8924
iteration=200, norm2(solution): 74.1839
iteration=210, norm2(solution): 74.4121
iteration=220, norm2(solution): 74.5906
iteration=230, norm2(solution): 74.7302
iteration=240, norm2(solution): 74.8393
iteration=250, norm2(solution): 74.9246
iteration=260, norm2(solution): 74.9913
iteration=270, norm2(solution): 75.0434
iteration=280, norm2(solution): 75.0841
iteration=290, norm2(solution): 75.1159
iteration=300, norm2(solution): 75.1408
iteration=310, norm2(solution): 75.1602
iteration=320, norm2(solution): 75.1754
iteration=330, norm2(solution): 75.1872
iteration=340, norm2(solution): 75.1965
iteration=350, norm2(solution): 75.2037
iteration=360, norm2(solution): 75.2094
iteration=370, norm2(solution): 75.2138
iteration=380, norm2(solution): 75.2173
iteration=390, norm2(solution): 75.22
iteration=400, norm2(solution): 75.2221
iteration=410, norm2(solution): 75.2237
iteration=420, norm2(solution): 75.225
iteration=430, norm2(solution): 75.226
iteration=440, norm2(solution): 75.2268
iteration=450, norm2(solution): 75.2274
iteration=460, norm2(solution): 75.2279
iteration=470, norm2(solution): 75.2282
iteration=480, norm2(solution): 75.2285
iteration=490, norm2(solution): 75.2288
iteration=500, norm2(solution): 75.2289
iteration=510, norm2(solution): 75.2291
iteration=520, norm2(solution): 75.2292
iteration=530, norm2(solution): 75.2293
iteration=540, norm2(solution): 75.2293
iteration=550, norm2(solution): 75.2294
iteration=560, norm2(solution): 75.2294
iteration=570, norm2(solution): 75.2295
iteration=580, norm2(solution): 75.2295
iteration=590, norm2(solution): 75.2295
iteration=600, norm2(solution): 75.2295
iteration=610, norm2(solution): 75.2295
iteration=620, norm2(solution): 75.2295
iteration=630, norm2(solution): 75.2296
iteration=640, norm2(solution): 75.2296
iteration=650, norm2(solution): 75.2296
iteration=660, norm2(solution): 75.2296
iteration=670, norm2(solution): 75.2296
iteration=680, norm2(solution): 75.2296
iteration=690, norm2(solution): 75.2296
iteration=700, norm2(solution): 75.2296
iteration=710, norm2(solution): 75.2296
iteration=720, norm2(solution): 75.2296
iteration=730, norm2(solution): 75.2296
iteration=740, norm2(solution): 75.2296
iteration=750, norm2(solution): 75.2296
iteration=760, norm2(solution): 75.2296
iteration=770, norm2(solution): 75.2296
iteration=780, norm2(solution): 75.2296
iteration=790, norm2(solution): 75.2296
iteration=800, norm2(solution): 75.2296
iteration=810, norm2(solution): 75.2296
iteration=820, norm2(solution): 75.2296
iteration=830, norm2(solution): 75.2296
iteration=840, norm2(solution): 75.2296
iteration=850, norm2(solution): 75.2296
iteration=860, norm2(solution): 75.2296
iteration=870, norm2(solution): 75.2296
iteration=880, norm2(solution): 75.2296
iteration=890, norm2(solution): 75.2296
iteration=900, norm2(solution): 75.2296
iteration=910, norm2(solution): 75.2296
iteration=920, norm2(solution): 75.2296
iteration=930, norm2(solution): 75.2296
iteration=940, norm2(solution): 75.2296
iteration=950, norm2(solution): 75.2296
iteration=960, norm2(solution): 75.2296
iteration=970, norm2(solution): 75.2296
iteration=980, norm2(solution): 75.2296
iteration=990, norm2(solution): 75.2296
etime_solver:  63.320617 [msec]  (1000 iterations)
etime_norm2:       7.210014 [msec]   (100 times)
etime_allreduce:   5.339118 [msec]   (100 times)
hop:      total  43.380408 [msec]
           bulk  34.517405 [msec]
       boundary  0.981241 [msec]
           pack  0.725542 [msec]
    communicate  37.500928 [msec]
      comm. overlap  34.701705 [msec]
  comm. non-overlap  2.799223 [msec]
 initiate recv   0.000000 [msec]
     send wait   1.896202 [msec]
time resolution: 1e-06 msec.
done: utofu double buffer
iteration=1000, relative diff2: 2.67619e-22
norm2 of the solution=   7.522958187230014e+01

factor for extra buffer: 32
initializing mult_utofu_double_buf: Px, Py = 48, 4; NNx, NNy = 2880, 240
size_x size_y: 1920  1920
 dir=0, tni_id=4
 dir=1, tni_id=1
 dir=2, tni_id=5
 dir=3, tni_id=3
init: 0.159820 [msec]
---------------------------------------------
   solving with utofu double buffer
---------------------------------------------
Nx=60, Ny=60, n_iter=1000
rankmap_lib: calling get_tni_list for dim=2, flag=2
iteration=0, norm2(solution): 0.0594884
iteration=10, norm2(solution): 4.31518
iteration=20, norm2(solution): 12.3919
iteration=30, norm2(solution): 21.6013
iteration=40, norm2(solution): 30.5652
iteration=50, norm2(solution): 38.6477
iteration=60, norm2(solution): 45.6206
iteration=70, norm2(solution): 51.4699
iteration=80, norm2(solution): 56.2847
iteration=90, norm2(solution): 60.1956
iteration=100, norm2(solution): 63.3422
iteration=110, norm2(solution): 65.8561
iteration=120, norm2(solution): 67.8538
iteration=130, norm2(solution): 69.4353
iteration=140, norm2(solution): 70.6833
iteration=150, norm2(solution): 71.666
iteration=160, norm2(solution): 72.4384
iteration=170, norm2(solution): 73.0446
iteration=180, norm2(solution): 73.5199
iteration=190, norm2(solution): 73.8924
iteration=200, norm2(solution): 74.1839
iteration=210, norm2(solution): 74.4121
iteration=220, norm2(solution): 74.5906
iteration=230, norm2(solution): 74.7302
iteration=240, norm2(solution): 74.8393
iteration=250, norm2(solution): 74.9246
iteration=260, norm2(solution): 74.9913
iteration=270, norm2(solution): 75.0434
iteration=280, norm2(solution): 75.0841
iteration=290, norm2(solution): 75.1159
iteration=300, norm2(solution): 75.1408
iteration=310, norm2(solution): 75.1602
iteration=320, norm2(solution): 75.1754
iteration=330, norm2(solution): 75.1872
iteration=340, norm2(solution): 75.1965
iteration=350, norm2(solution): 75.2037
iteration=360, norm2(solution): 75.2094
iteration=370, norm2(solution): 75.2138
iteration=380, norm2(solution): 75.2173
iteration=390, norm2(solution): 75.22
iteration=400, norm2(solution): 75.2221
iteration=410, norm2(solution): 75.2237
iteration=420, norm2(solution): 75.225
iteration=430, norm2(solution): 75.226
iteration=440, norm2(solution): 75.2268
iteration=450, norm2(solution): 75.2274
iteration=460, norm2(solution): 75.2279
iteration=470, norm2(solution): 75.2282
iteration=480, norm2(solution): 75.2285
iteration=490, norm2(solution): 75.2288
iteration=500, norm2(solution): 75.2289
iteration=510, norm2(solution): 75.2291
iteration=520, norm2(solution): 75.2292
iteration=530, norm2(solution): 75.2293
iteration=540, norm2(solution): 75.2293
iteration=550, norm2(solution): 75.2294
iteration=560, norm2(solution): 75.2294
iteration=570, norm2(solution): 75.2295
iteration=580, norm2(solution): 75.2295
iteration=590, norm2(solution): 75.2295
iteration=600, norm2(solution): 75.2295
iteration=610, norm2(solution): 75.2295
iteration=620, norm2(solution): 75.2295
iteration=630, norm2(solution): 75.2296
iteration=640, norm2(solution): 75.2296
iteration=650, norm2(solution): 75.2296
iteration=660, norm2(solution): 75.2296
iteration=670, norm2(solution): 75.2296
iteration=680, norm2(solution): 75.2296
iteration=690, norm2(solution): 75.2296
iteration=700, norm2(solution): 75.2296
iteration=710, norm2(solution): 75.2296
iteration=720, norm2(solution): 75.2296
iteration=730, norm2(solution): 75.2296
iteration=740, norm2(solution): 75.2296
iteration=750, norm2(solution): 75.2296
iteration=760, norm2(solution): 75.2296
iteration=770, norm2(solution): 75.2296
iteration=780, norm2(solution): 75.2296
iteration=790, norm2(solution): 75.2296
iteration=800, norm2(solution): 75.2296
iteration=810, norm2(solution): 75.2296
iteration=820, norm2(solution): 75.2296
iteration=830, norm2(solution): 75.2296
iteration=840, norm2(solution): 75.2296
iteration=850, norm2(solution): 75.2296
iteration=860, norm2(solution): 75.2296
iteration=870, norm2(solution): 75.2296
iteration=880, norm2(solution): 75.2296
iteration=890, norm2(solution): 75.2296
iteration=900, norm2(solution): 75.2296
iteration=910, norm2(solution): 75.2296
iteration=920, norm2(solution): 75.2296
iteration=930, norm2(solution): 75.2296
iteration=940, norm2(solution): 75.2296
iteration=950, norm2(solution): 75.2296
iteration=960, norm2(solution): 75.2296
iteration=970, norm2(solution): 75.2296
iteration=980, norm2(solution): 75.2296
iteration=990, norm2(solution): 75.2296
etime_solver:  62.312906 [msec]  (1000 iterations)
etime_norm2:       6.737649 [msec]   (100 times)
etime_allreduce:   4.826326 [msec]   (100 times)
hop:      total  44.185749 [msec]
           bulk  34.705940 [msec]
       boundary  0.987135 [msec]
           pack  0.725063 [msec]
    communicate  38.301533 [msec]
      comm. overlap  34.890191 [msec]
  comm. non-overlap  3.411342 [msec]
 initiate recv   0.000000 [msec]
     send wait   1.901701 [msec]
time resolution: 1e-06 msec.
done: utofu double buffer
iteration=1000, relative diff2: 2.67619e-22
norm2 of the solution=   7.522958187230014e+01

factor for extra buffer: 64
initializing mult_utofu_double_buf: Px, Py = 48, 4; NNx, NNy = 2880, 240
size_x size_y: 3840  3840
 dir=0, tni_id=4
 dir=1, tni_id=1
 dir=2, tni_id=5
 dir=3, tni_id=3
init: 0.105030 [msec]
---------------------------------------------
   solving with utofu double buffer
---------------------------------------------
Nx=60, Ny=60, n_iter=1000
rankmap_lib: calling get_tni_list for dim=2, flag=2
iteration=0, norm2(solution): 0.0594884
iteration=10, norm2(solution): 4.31518
iteration=20, norm2(solution): 12.3919
iteration=30, norm2(solution): 21.6013
iteration=40, norm2(solution): 30.5652
iteration=50, norm2(solution): 38.6477
iteration=60, norm2(solution): 45.6206
iteration=70, norm2(solution): 51.4699
iteration=80, norm2(solution): 56.2847
iteration=90, norm2(solution): 60.1956
iteration=100, norm2(solution): 63.3422
iteration=110, norm2(solution): 65.8561
iteration=120, norm2(solution): 67.8538
iteration=130, norm2(solution): 69.4353
iteration=140, norm2(solution): 70.6833
iteration=150, norm2(solution): 71.666
iteration=160, norm2(solution): 72.4384
iteration=170, norm2(solution): 73.0446
iteration=180, norm2(solution): 73.5199
iteration=190, norm2(solution): 73.8924
iteration=200, norm2(solution): 74.1839
iteration=210, norm2(solution): 74.4121
iteration=220, norm2(solution): 74.5906
iteration=230, norm2(solution): 74.7302
iteration=240, norm2(solution): 74.8393
iteration=250, norm2(solution): 74.9246
iteration=260, norm2(solution): 74.9913
iteration=270, norm2(solution): 75.0434
iteration=280, norm2(solution): 75.0841
iteration=290, norm2(solution): 75.1159
iteration=300, norm2(solution): 75.1408
iteration=310, norm2(solution): 75.1602
iteration=320, norm2(solution): 75.1754
iteration=330, norm2(solution): 75.1872
iteration=340, norm2(solution): 75.1965
iteration=350, norm2(solution): 75.2037
iteration=360, norm2(solution): 75.2094
iteration=370, norm2(solution): 75.2138
iteration=380, norm2(solution): 75.2173
iteration=390, norm2(solution): 75.22
iteration=400, norm2(solution): 75.2221
iteration=410, norm2(solution): 75.2237
iteration=420, norm2(solution): 75.225
iteration=430, norm2(solution): 75.226
iteration=440, norm2(solution): 75.2268
iteration=450, norm2(solution): 75.2274
iteration=460, norm2(solution): 75.2279
iteration=470, norm2(solution): 75.2282
iteration=480, norm2(solution): 75.2285
iteration=490, norm2(solution): 75.2288
iteration=500, norm2(solution): 75.2289
iteration=510, norm2(solution): 75.2291
iteration=520, norm2(solution): 75.2292
iteration=530, norm2(solution): 75.2293
iteration=540, norm2(solution): 75.2293
iteration=550, norm2(solution): 75.2294
iteration=560, norm2(solution): 75.2294
iteration=570, norm2(solution): 75.2295
iteration=580, norm2(solution): 75.2295
iteration=590, norm2(solution): 75.2295
iteration=600, norm2(solution): 75.2295
iteration=610, norm2(solution): 75.2295
iteration=620, norm2(solution): 75.2295
iteration=630, norm2(solution): 75.2296
iteration=640, norm2(solution): 75.2296
iteration=650, norm2(solution): 75.2296
iteration=660, norm2(solution): 75.2296
iteration=670, norm2(solution): 75.2296
iteration=680, norm2(solution): 75.2296
iteration=690, norm2(solution): 75.2296
iteration=700, norm2(solution): 75.2296
iteration=710, norm2(solution): 75.2296
iteration=720, norm2(solution): 75.2296
iteration=730, norm2(solution): 75.2296
iteration=740, norm2(solution): 75.2296
iteration=750, norm2(solution): 75.2296
iteration=760, norm2(solution): 75.2296
iteration=770, norm2(solution): 75.2296
iteration=780, norm2(solution): 75.2296
iteration=790, norm2(solution): 75.2296
iteration=800, norm2(solution): 75.2296
iteration=810, norm2(solution): 75.2296
iteration=820, norm2(solution): 75.2296
iteration=830, norm2(solution): 75.2296
iteration=840, norm2(solution): 75.2296
iteration=850, norm2(solution): 75.2296
iteration=860, norm2(solution): 75.2296
iteration=870, norm2(solution): 75.2296
iteration=880, norm2(solution): 75.2296
iteration=890, norm2(solution): 75.2296
iteration=900, norm2(solution): 75.2296
iteration=910, norm2(solution): 75.2296
iteration=920, norm2(solution): 75.2296
iteration=930, norm2(solution): 75.2296
iteration=940, norm2(solution): 75.2296
iteration=950, norm2(solution): 75.2296
iteration=960, norm2(solution): 75.2296
iteration=970, norm2(solution): 75.2296
iteration=980, norm2(solution): 75.2296
iteration=990, norm2(solution): 75.2296
etime_solver:  63.552838 [msec]  (1000 iterations)
etime_norm2:       6.722862 [msec]   (100 times)
etime_allreduce:   4.833879 [msec]   (100 times)
hop:      total  45.457470 [msec]
           bulk  34.852099 [msec]
       boundary  0.980553 [msec]
           pack  0.721112 [msec]
    communicate  39.591136 [msec]
      comm. overlap  35.035740 [msec]
  comm. non-overlap  4.555396 [msec]
 initiate recv   0.000000 [msec]
     send wait   1.906393 [msec]
time resolution: 1e-06 msec.
done: utofu double buffer
iteration=1000, relative diff2: 2.67619e-22
norm2 of the solution=   7.522958187230014e+01

factor for extra buffer: 128
initializing mult_utofu_double_buf: Px, Py = 48, 4; NNx, NNy = 2880, 240
size_x size_y: 7680  7680
 dir=0, tni_id=4
 dir=1, tni_id=1
 dir=2, tni_id=5
 dir=3, tni_id=3
init: 1.442053 [msec]
---------------------------------------------
   solving with utofu double buffer
---------------------------------------------
Nx=60, Ny=60, n_iter=1000
rankmap_lib: calling get_tni_list for dim=2, flag=2
iteration=0, norm2(solution): 0.0594884
iteration=10, norm2(solution): 4.31518
iteration=20, norm2(solution): 12.3919
iteration=30, norm2(solution): 21.6013
iteration=40, norm2(solution): 30.5652
iteration=50, norm2(solution): 38.6477
iteration=60, norm2(solution): 45.6206
iteration=70, norm2(solution): 51.4699
iteration=80, norm2(solution): 56.2847
iteration=90, norm2(solution): 60.1956
iteration=100, norm2(solution): 63.3422
iteration=110, norm2(solution): 65.8561
iteration=120, norm2(solution): 67.8538
iteration=130, norm2(solution): 69.4353
iteration=140, norm2(solution): 70.6833
iteration=150, norm2(solution): 71.666
iteration=160, norm2(solution): 72.4384
iteration=170, norm2(solution): 73.0446
iteration=180, norm2(solution): 73.5199
iteration=190, norm2(solution): 73.8924
iteration=200, norm2(solution): 74.1839
iteration=210, norm2(solution): 74.4121
iteration=220, norm2(solution): 74.5906
iteration=230, norm2(solution): 74.7302
iteration=240, norm2(solution): 74.8393
iteration=250, norm2(solution): 74.9246
iteration=260, norm2(solution): 74.9913
iteration=270, norm2(solution): 75.0434
iteration=280, norm2(solution): 75.0841
iteration=290, norm2(solution): 75.1159
iteration=300, norm2(solution): 75.1408
iteration=310, norm2(solution): 75.1602
iteration=320, norm2(solution): 75.1754
iteration=330, norm2(solution): 75.1872
iteration=340, norm2(solution): 75.1965
iteration=350, norm2(solution): 75.2037
iteration=360, norm2(solution): 75.2094
iteration=370, norm2(solution): 75.2138
iteration=380, norm2(solution): 75.2173
iteration=390, norm2(solution): 75.22
iteration=400, norm2(solution): 75.2221
iteration=410, norm2(solution): 75.2237
iteration=420, norm2(solution): 75.225
iteration=430, norm2(solution): 75.226
iteration=440, norm2(solution): 75.2268
iteration=450, norm2(solution): 75.2274
iteration=460, norm2(solution): 75.2279
iteration=470, norm2(solution): 75.2282
iteration=480, norm2(solution): 75.2285
iteration=490, norm2(solution): 75.2288
iteration=500, norm2(solution): 75.2289
iteration=510, norm2(solution): 75.2291
iteration=520, norm2(solution): 75.2292
iteration=530, norm2(solution): 75.2293
iteration=540, norm2(solution): 75.2293
iteration=550, norm2(solution): 75.2294
iteration=560, norm2(solution): 75.2294
iteration=570, norm2(solution): 75.2295
iteration=580, norm2(solution): 75.2295
iteration=590, norm2(solution): 75.2295
iteration=600, norm2(solution): 75.2295
iteration=610, norm2(solution): 75.2295
iteration=620, norm2(solution): 75.2295
iteration=630, norm2(solution): 75.2296
iteration=640, norm2(solution): 75.2296
iteration=650, norm2(solution): 75.2296
iteration=660, norm2(solution): 75.2296
iteration=670, norm2(solution): 75.2296
iteration=680, norm2(solution): 75.2296
iteration=690, norm2(solution): 75.2296
iteration=700, norm2(solution): 75.2296
iteration=710, norm2(solution): 75.2296
iteration=720, norm2(solution): 75.2296
iteration=730, norm2(solution): 75.2296
iteration=740, norm2(solution): 75.2296
iteration=750, norm2(solution): 75.2296
iteration=760, norm2(solution): 75.2296
iteration=770, norm2(solution): 75.2296
iteration=780, norm2(solution): 75.2296
iteration=790, norm2(solution): 75.2296
iteration=800, norm2(solution): 75.2296
iteration=810, norm2(solution): 75.2296
iteration=820, norm2(solution): 75.2296
iteration=830, norm2(solution): 75.2296
iteration=840, norm2(solution): 75.2296
iteration=850, norm2(solution): 75.2296
iteration=860, norm2(solution): 75.2296
iteration=870, norm2(solution): 75.2296
iteration=880, norm2(solution): 75.2296
iteration=890, norm2(solution): 75.2296
iteration=900, norm2(solution): 75.2296
iteration=910, norm2(solution): 75.2296
iteration=920, norm2(solution): 75.2296
iteration=930, norm2(solution): 75.2296
iteration=940, norm2(solution): 75.2296
iteration=950, norm2(solution): 75.2296
iteration=960, norm2(solution): 75.2296
iteration=970, norm2(solution): 75.2296
iteration=980, norm2(solution): 75.2296
iteration=990, norm2(solution): 75.2296
etime_solver:  64.268879 [msec]  (1000 iterations)
etime_norm2:       3.901858 [msec]   (100 times)
etime_allreduce:   2.030703 [msec]   (100 times)
hop:      total  47.739592 [msec]
           bulk  35.051423 [msec]
       boundary  0.992661 [msec]
           pack  0.714410 [msec]
    communicate  41.831426 [msec]
      comm. overlap  35.235713 [msec]
  comm. non-overlap  6.595713 [msec]
 initiate recv   0.000000 [msec]
     send wait   1.927673 [msec]
time resolution: 1e-06 msec.
done: utofu double buffer
iteration=1000, relative diff2: 2.67619e-22
norm2 of the solution=   7.522958187230014e+01

factor for extra buffer: 256
initializing mult_utofu_double_buf: Px, Py = 48, 4; NNx, NNy = 2880, 240
size_x size_y: 15360  15360
 dir=0, tni_id=4
 dir=1, tni_id=1
 dir=2, tni_id=5
 dir=3, tni_id=3
init: 0.183620 [msec]
---------------------------------------------
   solving with utofu double buffer
---------------------------------------------
Nx=60, Ny=60, n_iter=1000
rankmap_lib: calling get_tni_list for dim=2, flag=2
iteration=0, norm2(solution): 0.0594884
iteration=10, norm2(solution): 4.31518
iteration=20, norm2(solution): 12.3919
iteration=30, norm2(solution): 21.6013
iteration=40, norm2(solution): 30.5652
iteration=50, norm2(solution): 38.6477
iteration=60, norm2(solution): 45.6206
iteration=70, norm2(solution): 51.4699
iteration=80, norm2(solution): 56.2847
iteration=90, norm2(solution): 60.1956
iteration=100, norm2(solution): 63.3422
iteration=110, norm2(solution): 65.8561
iteration=120, norm2(solution): 67.8538
iteration=130, norm2(solution): 69.4353
iteration=140, norm2(solution): 70.6833
iteration=150, norm2(solution): 71.666
iteration=160, norm2(solution): 72.4384
iteration=170, norm2(solution): 73.0446
iteration=180, norm2(solution): 73.5199
iteration=190, norm2(solution): 73.8924
iteration=200, norm2(solution): 74.1839
iteration=210, norm2(solution): 74.4121
iteration=220, norm2(solution): 74.5906
iteration=230, norm2(solution): 74.7302
iteration=240, norm2(solution): 74.8393
iteration=250, norm2(solution): 74.9246
iteration=260, norm2(solution): 74.9913
iteration=270, norm2(solution): 75.0434
iteration=280, norm2(solution): 75.0841
iteration=290, norm2(solution): 75.1159
iteration=300, norm2(solution): 75.1408
iteration=310, norm2(solution): 75.1602
iteration=320, norm2(solution): 75.1754
iteration=330, norm2(solution): 75.1872
iteration=340, norm2(solution): 75.1965
iteration=350, norm2(solution): 75.2037
iteration=360, norm2(solution): 75.2094
iteration=370, norm2(solution): 75.2138
iteration=380, norm2(solution): 75.2173
iteration=390, norm2(solution): 75.22
iteration=400, norm2(solution): 75.2221
iteration=410, norm2(solution): 75.2237
iteration=420, norm2(solution): 75.225
iteration=430, norm2(solution): 75.226
iteration=440, norm2(solution): 75.2268
iteration=450, norm2(solution): 75.2274
iteration=460, norm2(solution): 75.2279
iteration=470, norm2(solution): 75.2282
iteration=480, norm2(solution): 75.2285
iteration=490, norm2(solution): 75.2288
iteration=500, norm2(solution): 75.2289
iteration=510, norm2(solution): 75.2291
iteration=520, norm2(solution): 75.2292
iteration=530, norm2(solution): 75.2293
iteration=540, norm2(solution): 75.2293
iteration=550, norm2(solution): 75.2294
iteration=560, norm2(solution): 75.2294
iteration=570, norm2(solution): 75.2295
iteration=580, norm2(solution): 75.2295
iteration=590, norm2(solution): 75.2295
iteration=600, norm2(solution): 75.2295
iteration=610, norm2(solution): 75.2295
iteration=620, norm2(solution): 75.2295
iteration=630, norm2(solution): 75.2296
iteration=640, norm2(solution): 75.2296
iteration=650, norm2(solution): 75.2296
iteration=660, norm2(solution): 75.2296
iteration=670, norm2(solution): 75.2296
iteration=680, norm2(solution): 75.2296
iteration=690, norm2(solution): 75.2296
iteration=700, norm2(solution): 75.2296
iteration=710, norm2(solution): 75.2296
iteration=720, norm2(solution): 75.2296
iteration=730, norm2(solution): 75.2296
iteration=740, norm2(solution): 75.2296
iteration=750, norm2(solution): 75.2296
iteration=760, norm2(solution): 75.2296
iteration=770, norm2(solution): 75.2296
iteration=780, norm2(solution): 75.2296
iteration=790, norm2(solution): 75.2296
iteration=800, norm2(solution): 75.2296
iteration=810, norm2(solution): 75.2296
iteration=820, norm2(solution): 75.2296
iteration=830, norm2(solution): 75.2296
iteration=840, norm2(solution): 75.2296
iteration=850, norm2(solution): 75.2296
iteration=860, norm2(solution): 75.2296
iteration=870, norm2(solution): 75.2296
iteration=880, norm2(solution): 75.2296
iteration=890, norm2(solution): 75.2296
iteration=900, norm2(solution): 75.2296
iteration=910, norm2(solution): 75.2296
iteration=920, norm2(solution): 75.2296
iteration=930, norm2(solution): 75.2296
iteration=940, norm2(solution): 75.2296
iteration=950, norm2(solution): 75.2296
iteration=960, norm2(solution): 75.2296
iteration=970, norm2(solution): 75.2296
iteration=980, norm2(solution): 75.2296
iteration=990, norm2(solution): 75.2296
etime_solver:  101.483148 [msec]  (1000 iterations)
etime_norm2:       3.629008 [msec]   (100 times)
etime_allreduce:   1.759433 [msec]   (100 times)
hop:      total  83.758074 [msec]
           bulk  35.133608 [msec]
       boundary  0.962602 [msec]
           pack  0.684492 [msec]
    communicate  77.900172 [msec]
      comm. overlap  35.317558 [msec]
  comm. non-overlap  42.582614 [msec]
 initiate recv   0.000000 [msec]
     send wait   1.936965 [msec]
time resolution: 1e-06 msec.
done: utofu double buffer
iteration=1000, relative diff2: 2.67619e-22
norm2 of the solution=   7.522958187230014e+01

factor for extra buffer: 512
initializing mult_utofu_double_buf: Px, Py = 48, 4; NNx, NNy = 2880, 240
size_x size_y: 30720  30720
 dir=0, tni_id=4
 dir=1, tni_id=1
 dir=2, tni_id=5
 dir=3, tni_id=3
init: 0.665731 [msec]
---------------------------------------------
   solving with utofu double buffer
---------------------------------------------
Nx=60, Ny=60, n_iter=1000
rankmap_lib: calling get_tni_list for dim=2, flag=2
iteration=0, norm2(solution): 0.0594884
iteration=10, norm2(solution): 4.31518
iteration=20, norm2(solution): 12.3919
iteration=30, norm2(solution): 21.6013
iteration=40, norm2(solution): 30.5652
iteration=50, norm2(solution): 38.6477
iteration=60, norm2(solution): 45.6206
iteration=70, norm2(solution): 51.4699
iteration=80, norm2(solution): 56.2847
iteration=90, norm2(solution): 60.1956
iteration=100, norm2(solution): 63.3422
iteration=110, norm2(solution): 65.8561
iteration=120, norm2(solution): 67.8538
iteration=130, norm2(solution): 69.4353
iteration=140, norm2(solution): 70.6833
iteration=150, norm2(solution): 71.666
iteration=160, norm2(solution): 72.4384
iteration=170, norm2(solution): 73.0446
iteration=180, norm2(solution): 73.5199
iteration=190, norm2(solution): 73.8924
iteration=200, norm2(solution): 74.1839
iteration=210, norm2(solution): 74.4121
iteration=220, norm2(solution): 74.5906
iteration=230, norm2(solution): 74.7302
iteration=240, norm2(solution): 74.8393
iteration=250, norm2(solution): 74.9246
iteration=260, norm2(solution): 74.9913
iteration=270, norm2(solution): 75.0434
iteration=280, norm2(solution): 75.0841
iteration=290, norm2(solution): 75.1159
iteration=300, norm2(solution): 75.1408
iteration=310, norm2(solution): 75.1602
iteration=320, norm2(solution): 75.1754
iteration=330, norm2(solution): 75.1872
iteration=340, norm2(solution): 75.1965
iteration=350, norm2(solution): 75.2037
iteration=360, norm2(solution): 75.2094
iteration=370, norm2(solution): 75.2138
iteration=380, norm2(solution): 75.2173
iteration=390, norm2(solution): 75.22
iteration=400, norm2(solution): 75.2221
iteration=410, norm2(solution): 75.2237
iteration=420, norm2(solution): 75.225
iteration=430, norm2(solution): 75.226
iteration=440, norm2(solution): 75.2268
iteration=450, norm2(solution): 75.2274
iteration=460, norm2(solution): 75.2279
iteration=470, norm2(solution): 75.2282
iteration=480, norm2(solution): 75.2285
iteration=490, norm2(solution): 75.2288
iteration=500, norm2(solution): 75.2289
iteration=510, norm2(solution): 75.2291
iteration=520, norm2(solution): 75.2292
iteration=530, norm2(solution): 75.2293
iteration=540, norm2(solution): 75.2293
iteration=550, norm2(solution): 75.2294
iteration=560, norm2(solution): 75.2294
iteration=570, norm2(solution): 75.2295
iteration=580, norm2(solution): 75.2295
iteration=590, norm2(solution): 75.2295
iteration=600, norm2(solution): 75.2295
iteration=610, norm2(solution): 75.2295
iteration=620, norm2(solution): 75.2295
iteration=630, norm2(solution): 75.2296
iteration=640, norm2(solution): 75.2296
iteration=650, norm2(solution): 75.2296
iteration=660, norm2(solution): 75.2296
iteration=670, norm2(solution): 75.2296
iteration=680, norm2(solution): 75.2296
iteration=690, norm2(solution): 75.2296
iteration=700, norm2(solution): 75.2296
iteration=710, norm2(solution): 75.2296
iteration=720, norm2(solution): 75.2296
iteration=730, norm2(solution): 75.2296
iteration=740, norm2(solution): 75.2296
iteration=750, norm2(solution): 75.2296
iteration=760, norm2(solution): 75.2296
iteration=770, norm2(solution): 75.2296
iteration=780, norm2(solution): 75.2296
iteration=790, norm2(solution): 75.2296
iteration=800, norm2(solution): 75.2296
iteration=810, norm2(solution): 75.2296
iteration=820, norm2(solution): 75.2296
iteration=830, norm2(solution): 75.2296
iteration=840, norm2(solution): 75.2296
iteration=850, norm2(solution): 75.2296
iteration=860, norm2(solution): 75.2296
iteration=870, norm2(solution): 75.2296
iteration=880, norm2(solution): 75.2296
iteration=890, norm2(solution): 75.2296
iteration=900, norm2(solution): 75.2296
iteration=910, norm2(solution): 75.2296
iteration=920, norm2(solution): 75.2296
iteration=930, norm2(solution): 75.2296
iteration=940, norm2(solution): 75.2296
iteration=950, norm2(solution): 75.2296
iteration=960, norm2(solution): 75.2296
iteration=970, norm2(solution): 75.2296
iteration=980, norm2(solution): 75.2296
iteration=990, norm2(solution): 75.2296
etime_solver:  178.776071 [msec]  (1000 iterations)
etime_norm2:       4.080979 [msec]   (100 times)
etime_allreduce:   2.209095 [msec]   (100 times)
hop:      total  160.433257 [msec]
           bulk  35.125830 [msec]
       boundary  0.964863 [msec]
           pack  0.668512 [msec]
    communicate  154.572435 [msec]
      comm. overlap  35.311640 [msec]
  comm. non-overlap  119.260795 [msec]
 initiate recv   0.000000 [msec]
     send wait   1.930984 [msec]
time resolution: 1e-06 msec.
done: utofu double buffer
iteration=1000, relative diff2: 2.67619e-22
norm2 of the solution=   7.522958187230014e+01

factor for extra buffer: 1024
initializing mult_utofu_double_buf: Px, Py = 48, 4; NNx, NNy = 2880, 240
size_x size_y: 61440  61440
 dir=0, tni_id=4
 dir=1, tni_id=1
 dir=2, tni_id=5
 dir=3, tni_id=3
init: 0.822441 [msec]
---------------------------------------------
   solving with utofu double buffer
---------------------------------------------
Nx=60, Ny=60, n_iter=1000
rankmap_lib: calling get_tni_list for dim=2, flag=2
iteration=0, norm2(solution): 0.0594884
iteration=10, norm2(solution): 4.31518
iteration=20, norm2(solution): 12.3919
iteration=30, norm2(solution): 21.6013
iteration=40, norm2(solution): 30.5652
iteration=50, norm2(solution): 38.6477
iteration=60, norm2(solution): 45.6206
iteration=70, norm2(solution): 51.4699
iteration=80, norm2(solution): 56.2847
iteration=90, norm2(solution): 60.1956
iteration=100, norm2(solution): 63.3422
iteration=110, norm2(solution): 65.8561
iteration=120, norm2(solution): 67.8538
iteration=130, norm2(solution): 69.4353
iteration=140, norm2(solution): 70.6833
iteration=150, norm2(solution): 71.666
iteration=160, norm2(solution): 72.4384
iteration=170, norm2(solution): 73.0446
iteration=180, norm2(solution): 73.5199
iteration=190, norm2(solution): 73.8924
iteration=200, norm2(solution): 74.1839
iteration=210, norm2(solution): 74.4121
iteration=220, norm2(solution): 74.5906
iteration=230, norm2(solution): 74.7302
iteration=240, norm2(solution): 74.8393
iteration=250, norm2(solution): 74.9246
iteration=260, norm2(solution): 74.9913
iteration=270, norm2(solution): 75.0434
iteration=280, norm2(solution): 75.0841
iteration=290, norm2(solution): 75.1159
iteration=300, norm2(solution): 75.1408
iteration=310, norm2(solution): 75.1602
iteration=320, norm2(solution): 75.1754
iteration=330, norm2(solution): 75.1872
iteration=340, norm2(solution): 75.1965
iteration=350, norm2(solution): 75.2037
iteration=360, norm2(solution): 75.2094
iteration=370, norm2(solution): 75.2138
iteration=380, norm2(solution): 75.2173
iteration=390, norm2(solution): 75.22
iteration=400, norm2(solution): 75.2221
iteration=410, norm2(solution): 75.2237
iteration=420, norm2(solution): 75.225
iteration=430, norm2(solution): 75.226
iteration=440, norm2(solution): 75.2268
iteration=450, norm2(solution): 75.2274
iteration=460, norm2(solution): 75.2279
iteration=470, norm2(solution): 75.2282
iteration=480, norm2(solution): 75.2285
iteration=490, norm2(solution): 75.2288
iteration=500, norm2(solution): 75.2289
iteration=510, norm2(solution): 75.2291
iteration=520, norm2(solution): 75.2292
iteration=530, norm2(solution): 75.2293
iteration=540, norm2(solution): 75.2293
iteration=550, norm2(solution): 75.2294
iteration=560, norm2(solution): 75.2294
iteration=570, norm2(solution): 75.2295
iteration=580, norm2(solution): 75.2295
iteration=590, norm2(solution): 75.2295
iteration=600, norm2(solution): 75.2295
iteration=610, norm2(solution): 75.2295
iteration=620, norm2(solution): 75.2295
iteration=630, norm2(solution): 75.2296
iteration=640, norm2(solution): 75.2296
iteration=650, norm2(solution): 75.2296
iteration=660, norm2(solution): 75.2296
iteration=670, norm2(solution): 75.2296
iteration=680, norm2(solution): 75.2296
iteration=690, norm2(solution): 75.2296
iteration=700, norm2(solution): 75.2296
iteration=710, norm2(solution): 75.2296
iteration=720, norm2(solution): 75.2296
iteration=730, norm2(solution): 75.2296
iteration=740, norm2(solution): 75.2296
iteration=750, norm2(solution): 75.2296
iteration=760, norm2(solution): 75.2296
iteration=770, norm2(solution): 75.2296
iteration=780, norm2(solution): 75.2296
iteration=790, norm2(solution): 75.2296
iteration=800, norm2(solution): 75.2296
iteration=810, norm2(solution): 75.2296
iteration=820, norm2(solution): 75.2296
iteration=830, norm2(solution): 75.2296
iteration=840, norm2(solution): 75.2296
iteration=850, norm2(solution): 75.2296
iteration=860, norm2(solution): 75.2296
iteration=870, norm2(solution): 75.2296
iteration=880, norm2(solution): 75.2296
iteration=890, norm2(solution): 75.2296
iteration=900, norm2(solution): 75.2296
iteration=910, norm2(solution): 75.2296
iteration=920, norm2(solution): 75.2296
iteration=930, norm2(solution): 75.2296
iteration=940, norm2(solution): 75.2296
iteration=950, norm2(solution): 75.2296
iteration=960, norm2(solution): 75.2296
iteration=970, norm2(solution): 75.2296
iteration=980, norm2(solution): 75.2296
iteration=990, norm2(solution): 75.2296
etime_solver:  333.184328 [msec]  (1000 iterations)
etime_norm2:       4.980990 [msec]   (100 times)
etime_allreduce:   3.117736 [msec]   (100 times)
hop:      total  313.911719 [msec]
           bulk  35.089107 [msec]
       boundary  0.959062 [msec]
           pack  0.650410 [msec]
    communicate  307.977633 [msec]
      comm. overlap  35.273957 [msec]
  comm. non-overlap  272.703676 [msec]
 initiate recv   0.000000 [msec]
     send wait   2.027219 [msec]
time resolution: 1e-06 msec.
done: utofu double buffer
iteration=1000, relative diff2: 2.67619e-22
norm2 of the solution=   7.522958187230014e+01

factor for extra buffer: 2048
initializing mult_utofu_double_buf: Px, Py = 48, 4; NNx, NNy = 2880, 240
size_x size_y: 122880  122880
 dir=0, tni_id=4
 dir=1, tni_id=1
 dir=2, tni_id=5
 dir=3, tni_id=3
init: 1.517273 [msec]
---------------------------------------------
   solving with utofu double buffer
---------------------------------------------
Nx=60, Ny=60, n_iter=1000
rankmap_lib: calling get_tni_list for dim=2, flag=2
iteration=0, norm2(solution): 0.0594884
iteration=10, norm2(solution): 4.31518
iteration=20, norm2(solution): 12.3919
iteration=30, norm2(solution): 21.6013
iteration=40, norm2(solution): 30.5652
iteration=50, norm2(solution): 38.6477
iteration=60, norm2(solution): 45.6206
iteration=70, norm2(solution): 51.4699
iteration=80, norm2(solution): 56.2847
iteration=90, norm2(solution): 60.1956
iteration=100, norm2(solution): 63.3422
iteration=110, norm2(solution): 65.8561
iteration=120, norm2(solution): 67.8538
iteration=130, norm2(solution): 69.4353
iteration=140, norm2(solution): 70.6833
iteration=150, norm2(solution): 71.666
iteration=160, norm2(solution): 72.4384
iteration=170, norm2(solution): 73.0446
iteration=180, norm2(solution): 73.5199
iteration=190, norm2(solution): 73.8924
iteration=200, norm2(solution): 74.1839
iteration=210, norm2(solution): 74.4121
iteration=220, norm2(solution): 74.5906
iteration=230, norm2(solution): 74.7302
iteration=240, norm2(solution): 74.8393
iteration=250, norm2(solution): 74.9246
iteration=260, norm2(solution): 74.9913
iteration=270, norm2(solution): 75.0434
iteration=280, norm2(solution): 75.0841
iteration=290, norm2(solution): 75.1159
iteration=300, norm2(solution): 75.1408
iteration=310, norm2(solution): 75.1602
iteration=320, norm2(solution): 75.1754
iteration=330, norm2(solution): 75.1872
iteration=340, norm2(solution): 75.1965
iteration=350, norm2(solution): 75.2037
iteration=360, norm2(solution): 75.2094
iteration=370, norm2(solution): 75.2138
iteration=380, norm2(solution): 75.2173
iteration=390, norm2(solution): 75.22
iteration=400, norm2(solution): 75.2221
iteration=410, norm2(solution): 75.2237
iteration=420, norm2(solution): 75.225
iteration=430, norm2(solution): 75.226
iteration=440, norm2(solution): 75.2268
iteration=450, norm2(solution): 75.2274
iteration=460, norm2(solution): 75.2279
iteration=470, norm2(solution): 75.2282
iteration=480, norm2(solution): 75.2285
iteration=490, norm2(solution): 75.2288
iteration=500, norm2(solution): 75.2289
iteration=510, norm2(solution): 75.2291
iteration=520, norm2(solution): 75.2292
iteration=530, norm2(solution): 75.2293
iteration=540, norm2(solution): 75.2293
iteration=550, norm2(solution): 75.2294
iteration=560, norm2(solution): 75.2294
iteration=570, norm2(solution): 75.2295
iteration=580, norm2(solution): 75.2295
iteration=590, norm2(solution): 75.2295
iteration=600, norm2(solution): 75.2295
iteration=610, norm2(solution): 75.2295
iteration=620, norm2(solution): 75.2295
iteration=630, norm2(solution): 75.2296
iteration=640, norm2(solution): 75.2296
iteration=650, norm2(solution): 75.2296
iteration=660, norm2(solution): 75.2296
iteration=670, norm2(solution): 75.2296
iteration=680, norm2(solution): 75.2296
iteration=690, norm2(solution): 75.2296
iteration=700, norm2(solution): 75.2296
iteration=710, norm2(solution): 75.2296
iteration=720, norm2(solution): 75.2296
iteration=730, norm2(solution): 75.2296
iteration=740, norm2(solution): 75.2296
iteration=750, norm2(solution): 75.2296
iteration=760, norm2(solution): 75.2296
iteration=770, norm2(solution): 75.2296
iteration=780, norm2(solution): 75.2296
iteration=790, norm2(solution): 75.2296
iteration=800, norm2(solution): 75.2296
iteration=810, norm2(solution): 75.2296
iteration=820, norm2(solution): 75.2296
iteration=830, norm2(solution): 75.2296
iteration=840, norm2(solution): 75.2296
iteration=850, norm2(solution): 75.2296
iteration=860, norm2(solution): 75.2296
iteration=870, norm2(solution): 75.2296
iteration=880, norm2(solution): 75.2296
iteration=890, norm2(solution): 75.2296
iteration=900, norm2(solution): 75.2296
iteration=910, norm2(solution): 75.2296
iteration=920, norm2(solution): 75.2296
iteration=930, norm2(solution): 75.2296
iteration=940, norm2(solution): 75.2296
iteration=950, norm2(solution): 75.2296
iteration=960, norm2(solution): 75.2296
iteration=970, norm2(solution): 75.2296
iteration=980, norm2(solution): 75.2296
iteration=990, norm2(solution): 75.2296
etime_solver:  642.595821 [msec]  (1000 iterations)
etime_norm2:       7.629812 [msec]   (100 times)
etime_allreduce:   5.769217 [msec]   (100 times)
hop:      total  620.310119 [msec]
           bulk  34.852629 [msec]
       boundary  0.956891 [msec]
           pack  0.650003 [msec]
    communicate  614.344084 [msec]
      comm. overlap  35.037749 [msec]
  comm. non-overlap  579.306335 [msec]
 initiate recv   0.000000 [msec]
     send wait   2.070285 [msec]
time resolution: 1e-06 msec.
done: utofu double buffer
iteration=1000, relative diff2: 2.67619e-22
norm2 of the solution=   7.522958187230014e+01

factor for extra buffer: 4096
initializing mult_utofu_double_buf: Px, Py = 48, 4; NNx, NNy = 2880, 240
size_x size_y: 245760  245760
 dir=0, tni_id=4
 dir=1, tni_id=1
 dir=2, tni_id=5
 dir=3, tni_id=3
init: 2.562375 [msec]
---------------------------------------------
   solving with utofu double buffer
---------------------------------------------
Nx=60, Ny=60, n_iter=1000
rankmap_lib: calling get_tni_list for dim=2, flag=2
iteration=0, norm2(solution): 0.0594884
iteration=10, norm2(solution): 4.31518
iteration=20, norm2(solution): 12.3919
iteration=30, norm2(solution): 21.6013
iteration=40, norm2(solution): 30.5652
iteration=50, norm2(solution): 38.6477
iteration=60, norm2(solution): 45.6206
iteration=70, norm2(solution): 51.4699
iteration=80, norm2(solution): 56.2847
iteration=90, norm2(solution): 60.1956
iteration=100, norm2(solution): 63.3422
iteration=110, norm2(solution): 65.8561
iteration=120, norm2(solution): 67.8538
iteration=130, norm2(solution): 69.4353
iteration=140, norm2(solution): 70.6833
iteration=150, norm2(solution): 71.666
iteration=160, norm2(solution): 72.4384
iteration=170, norm2(solution): 73.0446
iteration=180, norm2(solution): 73.5199
iteration=190, norm2(solution): 73.8924
iteration=200, norm2(solution): 74.1839
iteration=210, norm2(solution): 74.4121
iteration=220, norm2(solution): 74.5906
iteration=230, norm2(solution): 74.7302
iteration=240, norm2(solution): 74.8393
iteration=250, norm2(solution): 74.9246
iteration=260, norm2(solution): 74.9913
iteration=270, norm2(solution): 75.0434
iteration=280, norm2(solution): 75.0841
iteration=290, norm2(solution): 75.1159
iteration=300, norm2(solution): 75.1408
iteration=310, norm2(solution): 75.1602
iteration=320, norm2(solution): 75.1754
iteration=330, norm2(solution): 75.1872
iteration=340, norm2(solution): 75.1965
iteration=350, norm2(solution): 75.2037
iteration=360, norm2(solution): 75.2094
iteration=370, norm2(solution): 75.2138
iteration=380, norm2(solution): 75.2173
iteration=390, norm2(solution): 75.22
iteration=400, norm2(solution): 75.2221
iteration=410, norm2(solution): 75.2237
iteration=420, norm2(solution): 75.225
iteration=430, norm2(solution): 75.226
iteration=440, norm2(solution): 75.2268
iteration=450, norm2(solution): 75.2274
iteration=460, norm2(solution): 75.2279
iteration=470, norm2(solution): 75.2282
iteration=480, norm2(solution): 75.2285
iteration=490, norm2(solution): 75.2288
iteration=500, norm2(solution): 75.2289
iteration=510, norm2(solution): 75.2291
iteration=520, norm2(solution): 75.2292
iteration=530, norm2(solution): 75.2293
iteration=540, norm2(solution): 75.2293
iteration=550, norm2(solution): 75.2294
iteration=560, norm2(solution): 75.2294
iteration=570, norm2(solution): 75.2295
iteration=580, norm2(solution): 75.2295
iteration=590, norm2(solution): 75.2295
iteration=600, norm2(solution): 75.2295
iteration=610, norm2(solution): 75.2295
iteration=620, norm2(solution): 75.2295
iteration=630, norm2(solution): 75.2296
iteration=640, norm2(solution): 75.2296
iteration=650, norm2(solution): 75.2296
iteration=660, norm2(solution): 75.2296
iteration=670, norm2(solution): 75.2296
iteration=680, norm2(solution): 75.2296
iteration=690, norm2(solution): 75.2296
iteration=700, norm2(solution): 75.2296
iteration=710, norm2(solution): 75.2296
iteration=720, norm2(solution): 75.2296
iteration=730, norm2(solution): 75.2296
iteration=740, norm2(solution): 75.2296
iteration=750, norm2(solution): 75.2296
iteration=760, norm2(solution): 75.2296
iteration=770, norm2(solution): 75.2296
iteration=780, norm2(solution): 75.2296
iteration=790, norm2(solution): 75.2296
iteration=800, norm2(solution): 75.2296
iteration=810, norm2(solution): 75.2296
iteration=820, norm2(solution): 75.2296
iteration=830, norm2(solution): 75.2296
iteration=840, norm2(solution): 75.2296
iteration=850, norm2(solution): 75.2296
iteration=860, norm2(solution): 75.2296
iteration=870, norm2(solution): 75.2296
iteration=880, norm2(solution): 75.2296
iteration=890, norm2(solution): 75.2296
iteration=900, norm2(solution): 75.2296
iteration=910, norm2(solution): 75.2296
iteration=920, norm2(solution): 75.2296
iteration=930, norm2(solution): 75.2296
iteration=940, norm2(solution): 75.2296
iteration=950, norm2(solution): 75.2296
iteration=960, norm2(solution): 75.2296
iteration=970, norm2(solution): 75.2296
iteration=980, norm2(solution): 75.2296
iteration=990, norm2(solution): 75.2296
etime_solver:  1261.798757 [msec]  (1000 iterations)
etime_norm2:       11.836321 [msec]   (100 times)
etime_allreduce:   9.977113 [msec]   (100 times)
hop:      total  1235.800417 [msec]
           bulk  34.676584 [msec]
       boundary  0.969451 [msec]
           pack  0.655590 [msec]
    communicate  1229.696509 [msec]
      comm. overlap  34.861585 [msec]
  comm. non-overlap  1194.834924 [msec]
 initiate recv   0.000000 [msec]
     send wait   2.199805 [msec]
time resolution: 1e-06 msec.
done: utofu double buffer
iteration=1000, relative diff2: 2.67619e-22
norm2 of the solution=   7.522958187230014e+01

factor for extra buffer: 8192
initializing mult_utofu_double_buf: Px, Py = 48, 4; NNx, NNy = 2880, 240
size_x size_y: 491520  491520
 dir=0, tni_id=4
 dir=1, tni_id=1
 dir=2, tni_id=5
 dir=3, tni_id=3
init: 4.701869 [msec]
---------------------------------------------
   solving with utofu double buffer
---------------------------------------------
Nx=60, Ny=60, n_iter=1000
rankmap_lib: calling get_tni_list for dim=2, flag=2
iteration=0, norm2(solution): 0.0594884
iteration=10, norm2(solution): 4.31518
iteration=20, norm2(solution): 12.3919
iteration=30, norm2(solution): 21.6013
iteration=40, norm2(solution): 30.5652
iteration=50, norm2(solution): 38.6477
iteration=60, norm2(solution): 45.6206
iteration=70, norm2(solution): 51.4699
iteration=80, norm2(solution): 56.2847
iteration=90, norm2(solution): 60.1956
iteration=100, norm2(solution): 63.3422
iteration=110, norm2(solution): 65.8561
iteration=120, norm2(solution): 67.8538
iteration=130, norm2(solution): 69.4353
iteration=140, norm2(solution): 70.6833
iteration=150, norm2(solution): 71.666
iteration=160, norm2(solution): 72.4384
iteration=170, norm2(solution): 73.0446
iteration=180, norm2(solution): 73.5199
iteration=190, norm2(solution): 73.8924
iteration=200, norm2(solution): 74.1839
iteration=210, norm2(solution): 74.4121
iteration=220, norm2(solution): 74.5906
iteration=230, norm2(solution): 74.7302
iteration=240, norm2(solution): 74.8393
iteration=250, norm2(solution): 74.9246
iteration=260, norm2(solution): 74.9913
iteration=270, norm2(solution): 75.0434
iteration=280, norm2(solution): 75.0841
iteration=290, norm2(solution): 75.1159
iteration=300, norm2(solution): 75.1408
iteration=310, norm2(solution): 75.1602
iteration=320, norm2(solution): 75.1754
iteration=330, norm2(solution): 75.1872
iteration=340, norm2(solution): 75.1965
iteration=350, norm2(solution): 75.2037
iteration=360, norm2(solution): 75.2094
iteration=370, norm2(solution): 75.2138
iteration=380, norm2(solution): 75.2173
iteration=390, norm2(solution): 75.22
iteration=400, norm2(solution): 75.2221
iteration=410, norm2(solution): 75.2237
iteration=420, norm2(solution): 75.225
iteration=430, norm2(solution): 75.226
iteration=440, norm2(solution): 75.2268
iteration=450, norm2(solution): 75.2274
iteration=460, norm2(solution): 75.2279
iteration=470, norm2(solution): 75.2282
iteration=480, norm2(solution): 75.2285
iteration=490, norm2(solution): 75.2288
iteration=500, norm2(solution): 75.2289
iteration=510, norm2(solution): 75.2291
iteration=520, norm2(solution): 75.2292
iteration=530, norm2(solution): 75.2293
iteration=540, norm2(solution): 75.2293
iteration=550, norm2(solution): 75.2294
iteration=560, norm2(solution): 75.2294
iteration=570, norm2(solution): 75.2295
iteration=580, norm2(solution): 75.2295
iteration=590, norm2(solution): 75.2295
iteration=600, norm2(solution): 75.2295
iteration=610, norm2(solution): 75.2295
iteration=620, norm2(solution): 75.2295
iteration=630, norm2(solution): 75.2296
iteration=640, norm2(solution): 75.2296
iteration=650, norm2(solution): 75.2296
iteration=660, norm2(solution): 75.2296
iteration=670, norm2(solution): 75.2296
iteration=680, norm2(solution): 75.2296
iteration=690, norm2(solution): 75.2296
iteration=700, norm2(solution): 75.2296
iteration=710, norm2(solution): 75.2296
iteration=720, norm2(solution): 75.2296
iteration=730, norm2(solution): 75.2296
iteration=740, norm2(solution): 75.2296
iteration=750, norm2(solution): 75.2296
iteration=760, norm2(solution): 75.2296
iteration=770, norm2(solution): 75.2296
iteration=780, norm2(solution): 75.2296
iteration=790, norm2(solution): 75.2296
iteration=800, norm2(solution): 75.2296
iteration=810, norm2(solution): 75.2296
iteration=820, norm2(solution): 75.2296
iteration=830, norm2(solution): 75.2296
iteration=840, norm2(solution): 75.2296
iteration=850, norm2(solution): 75.2296
iteration=860, norm2(solution): 75.2296
iteration=870, norm2(solution): 75.2296
iteration=880, norm2(solution): 75.2296
iteration=890, norm2(solution): 75.2296
iteration=900, norm2(solution): 75.2296
iteration=910, norm2(solution): 75.2296
iteration=920, norm2(solution): 75.2296
iteration=930, norm2(solution): 75.2296
iteration=940, norm2(solution): 75.2296
iteration=950, norm2(solution): 75.2296
iteration=960, norm2(solution): 75.2296
iteration=970, norm2(solution): 75.2296
iteration=980, norm2(solution): 75.2296
iteration=990, norm2(solution): 75.2296
etime_solver:  2501.944355 [msec]  (1000 iterations)
etime_norm2:       14.168869 [msec]   (100 times)
etime_allreduce:   12.310953 [msec]   (100 times)
hop:      total  2473.423573 [msec]
           bulk  34.601647 [msec]
       boundary  0.978190 [msec]
           pack  0.652661 [msec]
    communicate  2466.769731 [msec]
      comm. overlap  34.785327 [msec]
  comm. non-overlap  2431.984404 [msec]
 initiate recv   0.000000 [msec]
     send wait   2.737499 [msec]
time resolution: 1e-06 msec.
done: utofu double buffer
iteration=1000, relative diff2: 2.67619e-22
norm2 of the solution=   7.522958187230014e+01

total elapsed time:  5666.321327 [msec]
